#
# There is insufficient memory for the Java Runtime Environment to continue.
# Native memory allocation (malloc) failed to allocate 423264 bytes for Chunk::new
# Possible reasons:
#   The system is out of physical RAM or swap space
#   In 32 bit mode, the process size limit was hit
# Possible solutions:
#   Reduce memory load on the system
#   Increase physical memory or swap space
#   Check if swap backing store is full
#   Use 64 bit Java on a 64 bit OS
#   Decrease Java heap size (-Xmx/-Xms)
#   Decrease number of Java threads
#   Decrease Java thread stack sizes (-Xss)
#   Set larger code cache with -XX:ReservedCodeCacheSize=
# This output file may be truncated or incomplete.
#
#  Out of Memory Error (allocation.cpp:390), pid=8092, tid=0x0000000000000530
#
# JRE version: Java(TM) SE Runtime Environment (8.0_151-b12) (build 1.8.0_151-b12)
# Java VM: Java HotSpot(TM) 64-Bit Server VM (25.151-b12 mixed mode windows-amd64 compressed oops)
# Failed to write core dump. Minidumps are not enabled by default on client versions of Windows
#

---------------  T H R E A D  ---------------

Current thread (0x0000000016f1f800):  JavaThread "C2 CompilerThread1" daemon [_thread_in_native, id=1328, stack(0x0000000018890000,0x0000000018990000)]

Stack: [0x0000000018890000,0x0000000018990000]
[error occurred during error reporting (printing stack bounds), id 0xc0000005]

Native frames: (J=compiled Java code, j=interpreted, Vv=VM code, C=native code)


Current CompileTask:
C2:   1864 1696       4       com.android.dx.ssa.LocalVariableExtractor::processBlock (383 bytes)


---------------  P R O C E S S  ---------------

Java Threads: ( => current thread )
  0x0000000018d95000 JavaThread "pool-2-thread-4" [_thread_in_Java, id=5348, stack(0x00000000195e0000,0x00000000196e0000)]
  0x0000000018d92000 JavaThread "pool-2-thread-3" [_thread_in_Java, id=8956, stack(0x00000000194e0000,0x00000000195e0000)]
  0x0000000018d8d000 JavaThread "pool-2-thread-2" [_thread_blocked, id=360, stack(0x00000000193e0000,0x00000000194e0000)]
  0x0000000018cff800 JavaThread "pool-3-thread-1" [_thread_blocked, id=11000, stack(0x00000000192e0000,0x00000000193e0000)]
  0x0000000018cfc800 JavaThread "pool-2-thread-1" [_thread_in_Java, id=12264, stack(0x00000000191e0000,0x00000000192e0000)]
  0x0000000018a92000 JavaThread "Service Thread" daemon [_thread_blocked, id=13180, stack(0x0000000018e90000,0x0000000018f90000)]
  0x0000000016f7a800 JavaThread "C1 CompilerThread2" daemon [_thread_in_native, id=12028, stack(0x0000000018990000,0x0000000018a90000)]
=>0x0000000016f1f800 JavaThread "C2 CompilerThread1" daemon [_thread_in_native, id=1328, stack(0x0000000018890000,0x0000000018990000)]
  0x0000000016f1c800 JavaThread "C2 CompilerThread0" daemon [_thread_in_native, id=9412, stack(0x0000000018790000,0x0000000018890000)]
  0x0000000016f1a800 JavaThread "Attach Listener" daemon [_thread_blocked, id=13168, stack(0x0000000018690000,0x0000000018790000)]
  0x0000000016f19800 JavaThread "Signal Dispatcher" daemon [_thread_blocked, id=6536, stack(0x0000000018590000,0x0000000018690000)]
  0x000000000482a000 JavaThread "Finalizer" daemon [_thread_blocked, id=6472, stack(0x0000000018180000,0x0000000018280000)]
  0x0000000004821000 JavaThread "Reference Handler" daemon [_thread_blocked, id=1908, stack(0x0000000018080000,0x0000000018180000)]
  0x0000000004730800 JavaThread "main" [_thread_blocked, id=5520, stack(0x0000000004620000,0x0000000004720000)]

Other Threads:
  0x0000000016ee7000 VMThread [stack: 0x0000000017f80000,0x0000000018080000] [id=496]
  0x0000000018a96000 WatcherThread [stack: 0x00000000190e0000,0x00000000191e0000] [id=5968]

VM state:not at safepoint (normal execution)

VM Mutex/Monitor currently owned by a thread: None

Heap:
 PSYoungGen      total 38400K, used 20888K [0x00000000eab00000, 0x00000000ed580000, 0x0000000100000000)
  eden space 33280K, 47% used [0x00000000eab00000,0x00000000eba6e0c0,0x00000000ecb80000)
  from space 5120K, 99% used [0x00000000ecb80000,0x00000000ed078020,0x00000000ed080000)
  to   space 5120K, 0% used [0x00000000ed080000,0x00000000ed080000,0x00000000ed580000)
 ParOldGen       total 87552K, used 10983K [0x00000000c0000000, 0x00000000c5580000, 0x00000000eab00000)
  object space 87552K, 12% used [0x00000000c0000000,0x00000000c0ab9e90,0x00000000c5580000)
 Metaspace       used 6355K, capacity 7222K, committed 7296K, reserved 1056768K
  class space    used 613K, capacity 622K, committed 640K, reserved 1048576K

Card table byte_map: [0x0000000013bf0000,0x0000000013e00000] byte_map_base: 0x00000000135f0000

Marking Bits: (ParMarkBitMap*) 0x000000006766d850
 Begin Bits: [0x0000000014360000, 0x0000000015360000)
 End Bits:   [0x0000000015360000, 0x0000000016360000)

Polling page: 0x00000000045e0000

CodeCache: size=245760Kb used=6870Kb max_used=6870Kb free=238889Kb
 bounds [0x0000000004830000, 0x0000000004ef0000, 0x0000000013830000]
 total_blobs=1976 nmethods=1710 adapters=178
 compilation: enabled

Compilation events (10 events):
Event: 1.860 Thread 0x0000000016f7a800 1723       2       java.util.concurrent.AbstractExecutorService::newTaskFor (9 bytes)
Event: 1.860 Thread 0x0000000016f7a800 nmethod 1723 0x0000000004ed5110 code [0x0000000004ed5280, 0x0000000004ed5508]
Event: 1.860 Thread 0x0000000016f7a800 1724       2       java.util.concurrent.FutureTask::<init> (27 bytes)
Event: 1.860 Thread 0x0000000016f7a800 nmethod 1724 0x0000000004ee84d0 code [0x0000000004ee8640, 0x0000000004ee8868]
Event: 1.860 Thread 0x0000000016f7a800 1725       2       java.util.concurrent.ThreadPoolExecutor::execute (132 bytes)
Event: 1.861 Thread 0x0000000016f7a800 nmethod 1725 0x0000000004ee8950 code [0x0000000004ee8b20, 0x0000000004ee8f88]
Event: 1.861 Thread 0x0000000016f7a800 1726       2       com.android.dx.cf.direct.DirectClassFile::getFields (9 bytes)
Event: 1.861 Thread 0x0000000016f7a800 nmethod 1726 0x0000000004ee9250 code [0x0000000004ee93c0, 0x0000000004ee9548]
Event: 1.861 Thread 0x0000000016f7a800 1727       2       java.util.concurrent.locks.AbstractQueuedSynchronizer::compareAndSetTail (13 bytes)
Event: 1.861 Thread 0x0000000016f7a800 nmethod 1727 0x0000000004ee9610 code [0x0000000004ee9760, 0x0000000004ee98f0]

GC Heap History (6 events):
Event: 0.997 GC heap before
{Heap before GC invocations=1 (full 0):
 PSYoungGen      total 38400K, used 33280K [0x00000000eab00000, 0x00000000ed580000, 0x0000000100000000)
  eden space 33280K, 100% used [0x00000000eab00000,0x00000000ecb80000,0x00000000ecb80000)
  from space 5120K, 0% used [0x00000000ed080000,0x00000000ed080000,0x00000000ed580000)
  to   space 5120K, 0% used [0x00000000ecb80000,0x00000000ecb80000,0x00000000ed080000)
 ParOldGen       total 87552K, used 0K [0x00000000c0000000, 0x00000000c5580000, 0x00000000eab00000)
  object space 87552K, 0% used [0x00000000c0000000,0x00000000c0000000,0x00000000c5580000)
 Metaspace       used 6045K, capacity 6962K, committed 7040K, reserved 1056768K
  class space    used 610K, capacity 618K, committed 640K, reserved 1048576K
Event: 1.014 GC heap after
Heap after GC invocations=1 (full 0):
 PSYoungGen      total 38400K, used 5114K [0x00000000eab00000, 0x00000000ed580000, 0x0000000100000000)
  eden space 33280K, 0% used [0x00000000eab00000,0x00000000eab00000,0x00000000ecb80000)
  from space 5120K, 99% used [0x00000000ecb80000,0x00000000ed07e930,0x00000000ed080000)
  to   space 5120K, 0% used [0x00000000ed080000,0x00000000ed080000,0x00000000ed580000)
 ParOldGen       total 87552K, used 1213K [0x00000000c0000000, 0x00000000c5580000, 0x00000000eab00000)
  object space 87552K, 1% used [0x00000000c0000000,0x00000000c012f650,0x00000000c5580000)
 Metaspace       used 6045K, capacity 6962K, committed 7040K, reserved 1056768K
  class space    used 610K, capacity 618K, committed 640K, reserved 1048576K
}
Event: 1.424 GC heap before
{Heap before GC invocations=2 (full 0):
 PSYoungGen      total 38400K, used 38394K [0x00000000eab00000, 0x00000000ed580000, 0x0000000100000000)
  eden space 33280K, 100% used [0x00000000eab00000,0x00000000ecb80000,0x00000000ecb80000)
  from space 5120K, 99% used [0x00000000ecb80000,0x00000000ed07e930,0x00000000ed080000)
  to   space 5120K, 0% used [0x00000000ed080000,0x00000000ed080000,0x00000000ed580000)
 ParOldGen       total 87552K, used 1213K [0x00000000c0000000, 0x00000000c5580000, 0x00000000eab00000)
  object space 87552K, 1% used [0x00000000c0000000,0x00000000c012f650,0x00000000c5580000)
 Metaspace       used 6278K, capacity 7158K, committed 7296K, reserved 1056768K
  class space    used 613K, capacity 622K, committed 640K, reserved 1048576K
Event: 1.438 GC heap after
Heap after GC invocations=2 (full 0):
 PSYoungGen      total 38400K, used 5099K [0x00000000eab00000, 0x00000000ed580000, 0x0000000100000000)
  eden space 33280K, 0% used [0x00000000eab00000,0x00000000eab00000,0x00000000ecb80000)
  from space 5120K, 99% used [0x00000000ed080000,0x00000000ed57acf0,0x00000000ed580000)
  to   space 5120K, 0% used [0x00000000ecb80000,0x00000000ecb80000,0x00000000ed080000)
 ParOldGen       total 87552K, used 5682K [0x00000000c0000000, 0x00000000c5580000, 0x00000000eab00000)
  object space 87552K, 6% used [0x00000000c0000000,0x00000000c058cad8,0x00000000c5580000)
 Metaspace       used 6278K, capacity 7158K, committed 7296K, reserved 1056768K
  class space    used 613K, capacity 622K, committed 640K, reserved 1048576K
}
Event: 1.749 GC heap before
{Heap before GC invocations=3 (full 0):
 PSYoungGen      total 38400K, used 38379K [0x00000000eab00000, 0x00000000ed580000, 0x0000000100000000)
  eden space 33280K, 100% used [0x00000000eab00000,0x00000000ecb80000,0x00000000ecb80000)
  from space 5120K, 99% used [0x00000000ed080000,0x00000000ed57acf0,0x00000000ed580000)
  to   space 5120K, 0% used [0x00000000ecb80000,0x00000000ecb80000,0x00000000ed080000)
 ParOldGen       total 87552K, used 5682K [0x00000000c0000000, 0x00000000c5580000, 0x00000000eab00000)
  object space 87552K, 6% used [0x00000000c0000000,0x00000000c058cad8,0x00000000c5580000)
 Metaspace       used 6343K, capacity 7222K, committed 7296K, reserved 1056768K
  class space    used 613K, capacity 622K, committed 640K, reserved 1048576K
Event: 1.773 GC heap after
Heap after GC invocations=3 (full 0):
 PSYoungGen      total 38400K, used 5088K [0x00000000eab00000, 0x00000000ed580000, 0x0000000100000000)
  eden space 33280K, 0% used [0x00000000eab00000,0x00000000eab00000,0x00000000ecb80000)
  from space 5120K, 99% used [0x00000000ecb80000,0x00000000ed078020,0x00000000ed080000)
  to   space 5120K, 0% used [0x00000000ed080000,0x00000000ed080000,0x00000000ed580000)
 ParOldGen       total 87552K, used 10983K [0x00000000c0000000, 0x00000000c5580000, 0x00000000eab00000)
  object space 87552K, 12% used [0x00000000c0000000,0x00000000c0ab9e90,0x00000000c5580000)
 Metaspace       used 6343K, capacity 7222K, committed 7296K, reserved 1056768K
  class space    used 613K, capacity 622K, committed 640K, reserved 1048576K
}

Deoptimization events (10 events):
Event: 1.209 Thread 0x0000000004730800 Uncommon trap: reason=unstable_if action=reinterpret pc=0x0000000004d4e0b8 method=com.android.dx.rop.cst.StdConstantPool.set(ILcom/android/dx/rop/cst/Constant;)V @ 12
Event: 1.217 Thread 0x0000000004730800 Uncommon trap: reason=uninitialized action=reinterpret pc=0x0000000004d2a1c8 method=com.android.dx.cf.code.BytecodeArray.parseInstruction(ILcom/android/dx/cf/code/BytecodeArray$Visitor;)I @ 999
Event: 1.223 Thread 0x0000000004730800 Uncommon trap: reason=unstable_if action=reinterpret pc=0x0000000004b2f204 method=com.android.dx.rop.code.RegisterSpec.equals(ILcom/android/dx/rop/type/TypeBearer;Lcom/android/dx/rop/code/LocalItem;)Z @ 42
Event: 1.224 Thread 0x0000000004730800 Uncommon trap: reason=unstable_if action=reinterpret pc=0x0000000004bb9d7c method=com.android.dx.ssa.SsaRenamer$BlockRenamer.addMapping(ILcom/android/dx/rop/code/RegisterSpec;)V @ 120
Event: 1.401 Thread 0x0000000018d8d000 Uncommon trap: reason=bimorphic action=maybe_recompile pc=0x0000000004cec088 method=java.util.HashMap.putVal(ILjava/lang/Object;Ljava/lang/Object;ZZ)Ljava/lang/Object; @ 91
Event: 1.471 Thread 0x0000000018d95000 Uncommon trap: reason=unstable_if action=reinterpret pc=0x0000000004b88edc method=com.android.dx.ssa.SsaMethod.updateOneDefinition(Lcom/android/dx/ssa/SsaInsn;Lcom/android/dx/rop/code/RegisterSpec;)V @ 4
Event: 1.572 Thread 0x0000000018d95000 Uncommon trap: reason=unstable_if action=reinterpret pc=0x0000000004b0855c method=com.android.dx.rop.cst.Constant.compareTo(Lcom/android/dx/rop/cst/Constant;)I @ 12
Event: 1.649 Thread 0x0000000004730800 Uncommon trap: reason=null_check action=make_not_entrant pc=0x0000000004b29268 method=com.android.dx.rop.type.Type.equals(Ljava/lang/Object;)Z @ 8
Event: 1.803 Thread 0x0000000018d8d000 Uncommon trap: reason=unstable_if action=reinterpret pc=0x0000000004c2593c method=com.android.dx.util.IntList.binarysearch(I)I @ 105
Event: 1.857 Thread 0x0000000018cfc800 Uncommon trap: reason=bimorphic action=maybe_recompile pc=0x0000000004cec088 method=java.util.HashMap.putVal(ILjava/lang/Object;Ljava/lang/Object;ZZ)Ljava/lang/Object; @ 91

Internal exceptions (4 events):
Event: 0.068 Thread 0x0000000004730800 Exception <a 'java/lang/NoSuchMethodError': Method sun.misc.Unsafe.defineClass(Ljava/lang/String;[BII)Ljava/lang/Class; name or signature does not match> (0x00000000eab07ca8) thrown at [C:\re\workspace\8-2-build-windows-amd64-cygwin\jdk8u151\9699\hotspot\
Event: 0.068 Thread 0x0000000004730800 Exception <a 'java/lang/NoSuchMethodError': Method sun.misc.Unsafe.prefetchRead(Ljava/lang/Object;J)V name or signature does not match> (0x00000000eab07f90) thrown at [C:\re\workspace\8-2-build-windows-amd64-cygwin\jdk8u151\9699\hotspot\src\share\vm\prims
Event: 0.150 Thread 0x0000000004730800 Exception <a 'java/io/FileNotFoundException'> (0x00000000eab597a8) thrown at [C:\re\workspace\8-2-build-windows-amd64-cygwin\jdk8u151\9699\hotspot\src\share\vm\prims\jni.cpp, line 709]
Event: 1.649 Thread 0x0000000004730800 Implicit null exception at 0x0000000004b29162 to 0x0000000004b2925a

Events (10 events):
Event: 1.649 Thread 0x0000000004730800 DEOPT PACKING pc=0x0000000004b29268 sp=0x000000000471dac0
Event: 1.649 Thread 0x0000000004730800 DEOPT UNPACKING pc=0x000000000487582a sp=0x000000000471da48 mode 2
Event: 1.748 Executing VM operation: ParallelGCFailedAllocation
Event: 1.773 Executing VM operation: ParallelGCFailedAllocation done
Event: 1.803 Thread 0x0000000018d8d000 Uncommon trap: trap_request=0xffffff65 fr.pc=0x0000000004c2593c
Event: 1.803 Thread 0x0000000018d8d000 DEOPT PACKING pc=0x0000000004c2593c sp=0x00000000194de800
Event: 1.803 Thread 0x0000000018d8d000 DEOPT UNPACKING pc=0x000000000487582a sp=0x00000000194de778 mode 2
Event: 1.857 Thread 0x0000000018cfc800 Uncommon trap: trap_request=0xffffffc6 fr.pc=0x0000000004cec088
Event: 1.857 Thread 0x0000000018cfc800 DEOPT PACKING pc=0x0000000004cec088 sp=0x00000000192de5a0
Event: 1.857 Thread 0x0000000018cfc800 DEOPT UNPACKING pc=0x000000000487582a sp=0x00000000192de528 mode 2


Dynamic libraries:
0x00007ff707d90000 - 0x00007ff707dc7000 	C:\Program Files\Java\jdk1.8.0_151\bin\java.exe
0x00007ffd62c10000 - 0x00007ffd62df0000 	C:\WINDOWS\SYSTEM32\ntdll.dll
0x00007ffd62020000 - 0x00007ffd620ce000 	C:\WINDOWS\System32\KERNEL32.DLL
0x00007ffd5f250000 - 0x00007ffd5f4b6000 	C:\WINDOWS\System32\KERNELBASE.dll
0x00007ffd61db0000 - 0x00007ffd61e51000 	C:\WINDOWS\System32\ADVAPI32.dll
0x00007ffd628b0000 - 0x00007ffd6294d000 	C:\WINDOWS\System32\msvcrt.dll
0x00007ffd62950000 - 0x00007ffd629ab000 	C:\WINDOWS\System32\sechost.dll
0x00007ffd62790000 - 0x00007ffd628af000 	C:\WINDOWS\System32\RPCRT4.dll
0x00007ffd61c20000 - 0x00007ffd61daf000 	C:\WINDOWS\System32\USER32.dll
0x00007ffd5f010000 - 0x00007ffd5f030000 	C:\WINDOWS\System32\win32u.dll
0x00007ffd62a30000 - 0x00007ffd62a58000 	C:\WINDOWS\System32\GDI32.dll
0x00007ffd5f5c0000 - 0x00007ffd5f753000 	C:\WINDOWS\System32\gdi32full.dll
0x00007ffd60040000 - 0x00007ffd600db000 	C:\WINDOWS\System32\msvcp_win.dll
0x00007ffd5f4c0000 - 0x00007ffd5f5b6000 	C:\WINDOWS\System32\ucrtbase.dll
0x00007ffd54400000 - 0x00007ffd54669000 	C:\WINDOWS\WinSxS\amd64_microsoft.windows.common-controls_6595b64144ccf1df_6.0.16299.214_none_15cad1489362ef88\COMCTL32.dll
0x00007ffd60290000 - 0x00007ffd60598000 	C:\WINDOWS\System32\combase.dll
0x00007ffd5f810000 - 0x00007ffd5f882000 	C:\WINDOWS\System32\bcryptPrimitives.dll
0x00007ffd62a60000 - 0x00007ffd62a8d000 	C:\WINDOWS\System32\IMM32.DLL
0x0000000066310000 - 0x00000000663e2000 	C:\Program Files\Java\jdk1.8.0_151\jre\bin\msvcr100.dll
0x0000000066e50000 - 0x00000000676ed000 	C:\Program Files\Java\jdk1.8.0_151\jre\bin\server\jvm.dll
0x00007ffd62bd0000 - 0x00007ffd62bd8000 	C:\WINDOWS\System32\PSAPI.DLL
0x00007ffd597d0000 - 0x00007ffd597d9000 	C:\WINDOWS\SYSTEM32\WSOCK32.dll
0x00007ffd629c0000 - 0x00007ffd62a2c000 	C:\WINDOWS\System32\WS2_32.dll
0x00007ffd55540000 - 0x00007ffd55563000 	C:\WINDOWS\SYSTEM32\WINMM.dll
0x00007ffd53af0000 - 0x00007ffd53afa000 	C:\WINDOWS\SYSTEM32\VERSION.dll
0x00007ffd55510000 - 0x00007ffd5553a000 	C:\WINDOWS\SYSTEM32\WINMMBASE.dll
0x00007ffd5f200000 - 0x00007ffd5f24a000 	C:\WINDOWS\System32\cfgmgr32.dll
0x0000000066d60000 - 0x0000000066d6f000 	C:\Program Files\Java\jdk1.8.0_151\jre\bin\verify.dll
0x0000000066d30000 - 0x0000000066d59000 	C:\Program Files\Java\jdk1.8.0_151\jre\bin\java.dll
0x0000000066d10000 - 0x0000000066d26000 	C:\Program Files\Java\jdk1.8.0_151\jre\bin\zip.dll
0x00007ffd607e0000 - 0x00007ffd61c16000 	C:\WINDOWS\System32\SHELL32.dll
0x00007ffd61e60000 - 0x00007ffd61f06000 	C:\WINDOWS\System32\shcore.dll
0x00007ffd5f890000 - 0x00007ffd5ffd7000 	C:\WINDOWS\System32\windows.storage.dll
0x00007ffd62a90000 - 0x00007ffd62ae1000 	C:\WINDOWS\System32\shlwapi.dll
0x00007ffd5eff0000 - 0x00007ffd5f001000 	C:\WINDOWS\System32\kernel.appcore.dll
0x00007ffd5efa0000 - 0x00007ffd5efec000 	C:\WINDOWS\System32\powrprof.dll
0x00007ffd5ef60000 - 0x00007ffd5ef7b000 	C:\WINDOWS\System32\profapi.dll

VM Arguments:
jvm_args: -Djava.awt.headless=true -Xmx1024M -Dfile.encoding=windows-1252 -Duser.country=BR -Duser.language=pt -Duser.variant 
java_command: com.android.dx.command.Main --dex --force-jumbo --num-threads=4 --multi-dex --output C:\Users\evand\AndroidStudioProjects\MensagensToast\app\build\intermediates\transforms\dex\debug\folders\1000\10\com.android.support-support-media-compat-25.3.1_03444c8ba729367b80772042232142e4422ac5ff C:\Users\evand\AndroidStudioProjects\MensagensToast\app\build\intermediates\exploded-aar\com.android.support\support-media-compat\25.3.1\jars\classes.jar
java_class_path (initial): C:\Users\evand\AppData\Local\Android\sdk\build-tools\27.0.3\lib\dx.jar
Launcher Type: SUN_STANDARD

Environment Variables:
PATH=C:\ProgramData\Oracle\Java\javapath;C:\WINDOWS\system32;C:\WINDOWS;C:\WINDOWS\System32\Wbem;C:\WINDOWS\System32\WindowsPowerShell\v1.0\;C:\Program Files\MySQL\MySQL Utilities 1.6\;C:\Program Files\Git\cmd;C:\Program Files (x86)\NVIDIA Corporation\PhysX\Common;C:\Users\evand\AppData\Local\Microsoft\WindowsApps;
USERNAME=evand
OS=Windows_NT
PROCESSOR_IDENTIFIER=Intel64 Family 6 Model 61 Stepping 4, GenuineIntel



---------------  S Y S T E M  ---------------

OS: Windows 10.0 , 64 bit Build 16299 (10.0.16299.15)

CPU:total 4 (initial active 4) (2 cores per cpu, 2 threads per core) family 6 model 61 stepping 4, cmov, cx8, fxsr, mmx, sse, sse2, sse3, ssse3, sse4.1, sse4.2, popcnt, avx, avx2, aes, clmul, erms, 3dnowpref, lzcnt, ht, tsc, tscinvbit, bmi1, bmi2, adx

Memory: 4k page, physical 8298376k(1461764k free), swap 8298376k(4304k free)

vm_info: Java HotSpot(TM) 64-Bit Server VM (25.151-b12) for windows-amd64 JRE (1.8.0_151-b12), built on Sep  5 2017 19:33:46 by "java_re" with MS VC++ 10.0 (VS2010)

time: Wed Feb 07 14:13:24 2018
elapsed time: 1 seconds (0d 0h 0m 1s)

