#
# There is insufficient memory for the Java Runtime Environment to continue.
# Native memory allocation (malloc) failed to allocate 32744 bytes for ChunkPool::allocate
# Possible reasons:
#   The system is out of physical RAM or swap space
#   In 32 bit mode, the process size limit was hit
# Possible solutions:
#   Reduce memory load on the system
#   Increase physical memory or swap space
#   Check if swap backing store is full
#   Use 64 bit Java on a 64 bit OS
#   Decrease Java heap size (-Xmx/-Xms)
#   Decrease number of Java threads
#   Decrease Java thread stack sizes (-Xss)
#   Set larger code cache with -XX:ReservedCodeCacheSize=
# This output file may be truncated or incomplete.
#
#  Out of Memory Error (allocation.cpp:273), pid=8588, tid=0x0000000000001b0c
#
# JRE version: Java(TM) SE Runtime Environment (8.0_151-b12) (build 1.8.0_151-b12)
# Java VM: Java HotSpot(TM) 64-Bit Server VM (25.151-b12 mixed mode windows-amd64 compressed oops)
# Failed to write core dump. Minidumps are not enabled by default on client versions of Windows
#

---------------  T H R E A D  ---------------

Current thread (0x0000000017049800):  JavaThread "C2 CompilerThread1" daemon [_thread_in_native, id=6924, stack(0x0000000018840000,0x0000000018940000)]

Stack: [0x0000000018840000,0x0000000018940000]
[error occurred during error reporting (printing stack bounds), id 0xc0000005]

Native frames: (J=compiled Java code, j=interpreted, Vv=VM code, C=native code)


Current CompileTask:
C2:   3771 1630   !   4       com.android.dx.cf.code.Ropper::processBlock (1101 bytes)


---------------  P R O C E S S  ---------------

Java Threads: ( => current thread )
  0x0000000018d5f800 JavaThread "pool-2-thread-4" [_thread_blocked, id=12708, stack(0x0000000019590000,0x0000000019690000)]
  0x0000000018d5e000 JavaThread "pool-2-thread-3" [_thread_blocked, id=2712, stack(0x0000000019490000,0x0000000019590000)]
  0x0000000018d5d000 JavaThread "pool-2-thread-2" [_thread_blocked, id=5452, stack(0x0000000019390000,0x0000000019490000)]
  0x0000000018cb7800 JavaThread "pool-3-thread-1" [_thread_blocked, id=9276, stack(0x0000000019290000,0x0000000019390000)]
  0x0000000018cb7000 JavaThread "pool-2-thread-1" [_thread_blocked, id=8136, stack(0x0000000019190000,0x0000000019290000)]
  0x0000000018a45800 JavaThread "Service Thread" daemon [_thread_blocked, id=11124, stack(0x0000000018e40000,0x0000000018f40000)]
  0x000000001704e800 JavaThread "C1 CompilerThread2" daemon [_thread_in_vm, id=1212, stack(0x0000000018940000,0x0000000018a40000)]
=>0x0000000017049800 JavaThread "C2 CompilerThread1" daemon [_thread_in_native, id=6924, stack(0x0000000018840000,0x0000000018940000)]
  0x0000000016fed800 JavaThread "C2 CompilerThread0" daemon [_thread_in_native, id=7512, stack(0x0000000018740000,0x0000000018840000)]
  0x0000000016feb800 JavaThread "Attach Listener" daemon [_thread_blocked, id=2272, stack(0x0000000018640000,0x0000000018740000)]
  0x0000000016feb000 JavaThread "Signal Dispatcher" daemon [_thread_blocked, id=7936, stack(0x0000000018540000,0x0000000018640000)]
  0x0000000004826800 JavaThread "Finalizer" daemon [_thread_blocked, id=11628, stack(0x0000000018240000,0x0000000018340000)]
  0x0000000004821000 JavaThread "Reference Handler" daemon [_thread_blocked, id=9372, stack(0x0000000018140000,0x0000000018240000)]
  0x0000000004730800 JavaThread "main" [_thread_blocked, id=7332, stack(0x00000000045c0000,0x00000000046c0000)]

Other Threads:
  0x0000000016fb7000 VMThread [stack: 0x0000000018040000,0x0000000018140000] [id=8708]
  0x0000000018a49000 WatcherThread [stack: 0x0000000019090000,0x0000000019190000] [id=12240]

VM state:synchronizing (normal execution)

VM Mutex/Monitor currently owned by a thread:  ([mutex/lock_event])
[0x000000000491c650] Threads_lock - owner thread: 0x0000000016fb7000

Heap:
 PSYoungGen      total 38400K, used 31409K [0x00000000eab00000, 0x00000000ed580000, 0x0000000100000000)
  eden space 33280K, 79% used [0x00000000eab00000,0x00000000ec4ace28,0x00000000ecb80000)
  from space 5120K, 99% used [0x00000000ed080000,0x00000000ed57f778,0x00000000ed580000)
  to   space 5120K, 0% used [0x00000000ecb80000,0x00000000ecb80000,0x00000000ed080000)
 ParOldGen       total 87552K, used 7210K [0x00000000c0000000, 0x00000000c5580000, 0x00000000eab00000)
  object space 87552K, 8% used [0x00000000c0000000,0x00000000c070ab98,0x00000000c5580000)
 Metaspace       used 6276K, capacity 7158K, committed 7296K, reserved 1056768K
  class space    used 614K, capacity 622K, committed 640K, reserved 1048576K

Card table byte_map: [0x0000000013ce0000,0x0000000013ef0000] byte_map_base: 0x00000000136e0000

Marking Bits: (ParMarkBitMap*) 0x000000006766d850
 Begin Bits: [0x0000000014450000, 0x0000000015450000)
 End Bits:   [0x0000000015450000, 0x0000000016450000)

Polling page: 0x0000000002ae0000

CodeCache: size=245760Kb used=7069Kb max_used=7069Kb free=238691Kb
 bounds [0x0000000004920000, 0x0000000005010000, 0x0000000013920000]
 total_blobs=1882 nmethods=1616 adapters=178
 compilation: enabled

Compilation events (10 events):
Event: 3.599 Thread 0x000000001704e800 1639       3       com.android.dx.rop.type.Type::asUninitialized (140 bytes)
Event: 3.600 Thread 0x000000001704e800 nmethod 1639 0x0000000005009690 code [0x0000000005009a20, 0x000000000500bba8]
Event: 3.605 Thread 0x000000001704e800 1644       3       com.android.dx.cf.code.LocalVariableList::set (21 bytes)
Event: 3.605 Thread 0x000000001704e800 nmethod 1644 0x0000000004fed1d0 code [0x0000000004fed3c0, 0x0000000004fedcb8]
Event: 3.611 Thread 0x000000001704e800 1649       2       com.android.dx.ssa.back.FirstFitLocalCombiningAllocator::processPhiInsn (255 bytes)
Event: 3.613 Thread 0x000000001704e800 nmethod 1649 0x0000000004ffff10 code [0x00000000050001c0, 0x0000000005000d58]
Event: 3.615 Thread 0x000000001704e800 1651       2       com.android.dx.ssa.PhiTypeResolver::equalsHandlesNulls (23 bytes)
Event: 3.615 Thread 0x000000001704e800 nmethod 1651 0x0000000004fa4fd0 code [0x0000000004fa5140, 0x0000000004fa5348]
Event: 3.647 Thread 0x000000001704e800 1653       1       com.android.dx.cf.code.LocalVariableList$Item::getSignature (5 bytes)
Event: 3.647 Thread 0x000000001704e800 nmethod 1653 0x0000000004fe68d0 code [0x0000000004fe6a20, 0x0000000004fe6b30]

GC Heap History (4 events):
Event: 1.622 GC heap before
{Heap before GC invocations=1 (full 0):
 PSYoungGen      total 38400K, used 33280K [0x00000000eab00000, 0x00000000ed580000, 0x0000000100000000)
  eden space 33280K, 100% used [0x00000000eab00000,0x00000000ecb80000,0x00000000ecb80000)
  from space 5120K, 0% used [0x00000000ed080000,0x00000000ed080000,0x00000000ed580000)
  to   space 5120K, 0% used [0x00000000ecb80000,0x00000000ecb80000,0x00000000ed080000)
 ParOldGen       total 87552K, used 0K [0x00000000c0000000, 0x00000000c5580000, 0x00000000eab00000)
  object space 87552K, 0% used [0x00000000c0000000,0x00000000c0000000,0x00000000c5580000)
 Metaspace       used 6028K, capacity 6962K, committed 7040K, reserved 1056768K
  class space    used 610K, capacity 618K, committed 640K, reserved 1048576K
Event: 1.633 GC heap after
Heap after GC invocations=1 (full 0):
 PSYoungGen      total 38400K, used 5118K [0x00000000eab00000, 0x00000000ed580000, 0x0000000100000000)
  eden space 33280K, 0% used [0x00000000eab00000,0x00000000eab00000,0x00000000ecb80000)
  from space 5120K, 99% used [0x00000000ecb80000,0x00000000ed07fbe8,0x00000000ed080000)
  to   space 5120K, 0% used [0x00000000ed080000,0x00000000ed080000,0x00000000ed580000)
 ParOldGen       total 87552K, used 1689K [0x00000000c0000000, 0x00000000c5580000, 0x00000000eab00000)
  object space 87552K, 1% used [0x00000000c0000000,0x00000000c01a6518,0x00000000c5580000)
 Metaspace       used 6028K, capacity 6962K, committed 7040K, reserved 1056768K
  class space    used 610K, capacity 618K, committed 640K, reserved 1048576K
}
Event: 2.748 GC heap before
{Heap before GC invocations=2 (full 0):
 PSYoungGen      total 38400K, used 38398K [0x00000000eab00000, 0x00000000ed580000, 0x0000000100000000)
  eden space 33280K, 100% used [0x00000000eab00000,0x00000000ecb80000,0x00000000ecb80000)
  from space 5120K, 99% used [0x00000000ecb80000,0x00000000ed07fbe8,0x00000000ed080000)
  to   space 5120K, 0% used [0x00000000ed080000,0x00000000ed080000,0x00000000ed580000)
 ParOldGen       total 87552K, used 1689K [0x00000000c0000000, 0x00000000c5580000, 0x00000000eab00000)
  object space 87552K, 1% used [0x00000000c0000000,0x00000000c01a6518,0x00000000c5580000)
 Metaspace       used 6257K, capacity 7156K, committed 7296K, reserved 1056768K
  class space    used 612K, capacity 620K, committed 640K, reserved 1048576K
Event: 2.766 GC heap after
Heap after GC invocations=2 (full 0):
 PSYoungGen      total 38400K, used 5117K [0x00000000eab00000, 0x00000000ed580000, 0x0000000100000000)
  eden space 33280K, 0% used [0x00000000eab00000,0x00000000eab00000,0x00000000ecb80000)
  from space 5120K, 99% used [0x00000000ed080000,0x00000000ed57f778,0x00000000ed580000)
  to   space 5120K, 0% used [0x00000000ecb80000,0x00000000ecb80000,0x00000000ed080000)
 ParOldGen       total 87552K, used 7210K [0x00000000c0000000, 0x00000000c5580000, 0x00000000eab00000)
  object space 87552K, 8% used [0x00000000c0000000,0x00000000c070ab98,0x00000000c5580000)
 Metaspace       used 6257K, capacity 7156K, committed 7296K, reserved 1056768K
  class space    used 612K, capacity 620K, committed 640K, reserved 1048576K
}

Deoptimization events (10 events):
Event: 2.685 Thread 0x0000000018d5d000 Uncommon trap: reason=bimorphic action=maybe_recompile pc=0x0000000004f27b28 method=com.android.dx.cf.code.BytecodeArray.parseInstruction(ILcom/android/dx/cf/code/BytecodeArray$Visitor;)I @ 907
Event: 2.685 Thread 0x0000000018d5d000 Uncommon trap: reason=bimorphic action=maybe_recompile pc=0x0000000004f2813c method=com.android.dx.cf.code.BytecodeArray.parseInstruction(ILcom/android/dx/cf/code/BytecodeArray$Visitor;)I @ 1224
Event: 2.685 Thread 0x0000000018d5d000 Uncommon trap: reason=bimorphic action=maybe_recompile pc=0x0000000004f27ba8 method=com.android.dx.cf.code.BytecodeArray.parseInstruction(ILcom/android/dx/cf/code/BytecodeArray$Visitor;)I @ 923
Event: 2.687 Thread 0x0000000018d5d000 Uncommon trap: reason=bimorphic action=maybe_recompile pc=0x0000000004cf7f54 method=java.util.HashMap.getNode(ILjava/lang/Object;)Ljava/util/HashMap$Node; @ 126
Event: 2.687 Thread 0x0000000018d5d000 Uncommon trap: reason=bimorphic action=maybe_recompile pc=0x0000000004cf7f54 method=java.util.HashMap.getNode(ILjava/lang/Object;)Ljava/util/HashMap$Node; @ 126
Event: 2.687 Thread 0x0000000018d5d000 Uncommon trap: reason=bimorphic action=maybe_recompile pc=0x0000000004cf7f54 method=java.util.HashMap.getNode(ILjava/lang/Object;)Ljava/util/HashMap$Node; @ 126
Event: 2.687 Thread 0x0000000018d5d000 Uncommon trap: reason=bimorphic action=maybe_recompile pc=0x0000000004cf7f54 method=java.util.HashMap.getNode(ILjava/lang/Object;)Ljava/util/HashMap$Node; @ 126
Event: 2.829 Thread 0x0000000018d5d000 Uncommon trap: reason=null_check action=make_not_entrant pc=0x0000000004e11f9c method=com.android.dx.ssa.SsaRenamer.getLocalForNewReg(I)Lcom/android/dx/rop/code/LocalItem; @ 19
Event: 2.864 Thread 0x0000000018d5d000 Uncommon trap: reason=unstable_if action=reinterpret pc=0x0000000004f88620 method=com.android.dx.rop.code.RegisterSpecSet.localItemToSpec(Lcom/android/dx/rop/code/LocalItem;)Lcom/android/dx/rop/code/RegisterSpec; @ 35
Event: 3.071 Thread 0x0000000018d5f800 Uncommon trap: reason=unstable_if action=reinterpret pc=0x0000000004f9b120 method=com.android.dx.rop.code.RegisterSpec.equals(ILcom/android/dx/rop/type/TypeBearer;Lcom/android/dx/rop/code/LocalItem;)Z @ 42

Internal exceptions (5 events):
Event: 0.119 Thread 0x0000000004730800 Exception <a 'java/lang/NoSuchMethodError': Method sun.misc.Unsafe.defineClass(Ljava/lang/String;[BII)Ljava/lang/Class; name or signature does not match> (0x00000000eab07ca8) thrown at [C:\re\workspace\8-2-build-windows-amd64-cygwin\jdk8u151\9699\hotspot\
Event: 0.119 Thread 0x0000000004730800 Exception <a 'java/lang/NoSuchMethodError': Method sun.misc.Unsafe.prefetchRead(Ljava/lang/Object;J)V name or signature does not match> (0x00000000eab07f90) thrown at [C:\re\workspace\8-2-build-windows-amd64-cygwin\jdk8u151\9699\hotspot\src\share\vm\prims
Event: 0.409 Thread 0x0000000004730800 Exception <a 'java/io/FileNotFoundException'> (0x00000000eab59778) thrown at [C:\re\workspace\8-2-build-windows-amd64-cygwin\jdk8u151\9699\hotspot\src\share\vm\prims\jni.cpp, line 709]
Event: 2.316 Thread 0x0000000018d5d000 Implicit null exception at 0x0000000004e09550 to 0x0000000004e0a68d
Event: 2.829 Thread 0x0000000018d5d000 Implicit null exception at 0x0000000004e11041 to 0x0000000004e11f69

Events (10 events):
Event: 2.766 Executing VM operation: ParallelGCFailedAllocation done
Event: 2.829 Thread 0x0000000018d5d000 Uncommon trap: trap_request=0xfffffff4 fr.pc=0x0000000004e11f9c
Event: 2.829 Thread 0x0000000018d5d000 DEOPT PACKING pc=0x0000000004e11f9c sp=0x000000001948e7e0
Event: 2.829 Thread 0x0000000018d5d000 DEOPT UNPACKING pc=0x000000000496582a sp=0x000000001948e638 mode 2
Event: 2.864 Thread 0x0000000018d5d000 Uncommon trap: trap_request=0xffffff65 fr.pc=0x0000000004f88620
Event: 2.864 Thread 0x0000000018d5d000 DEOPT PACKING pc=0x0000000004f88620 sp=0x000000001948ebb0
Event: 2.864 Thread 0x0000000018d5d000 DEOPT UNPACKING pc=0x000000000496582a sp=0x000000001948eb28 mode 2
Event: 3.071 Thread 0x0000000018d5f800 Uncommon trap: trap_request=0xffffff65 fr.pc=0x0000000004f9b120
Event: 3.071 Thread 0x0000000018d5f800 DEOPT PACKING pc=0x0000000004f9b120 sp=0x000000001968e900
Event: 3.071 Thread 0x0000000018d5f800 DEOPT UNPACKING pc=0x000000000496582a sp=0x000000001968e828 mode 2


Dynamic libraries:
0x00007ff707d90000 - 0x00007ff707dc7000 	C:\Program Files\Java\jdk1.8.0_151\bin\java.exe
0x00007ffd62c10000 - 0x00007ffd62df0000 	C:\WINDOWS\SYSTEM32\ntdll.dll
0x00007ffd62020000 - 0x00007ffd620ce000 	C:\WINDOWS\System32\KERNEL32.DLL
0x00007ffd5f250000 - 0x00007ffd5f4b6000 	C:\WINDOWS\System32\KERNELBASE.dll
0x00007ffd61db0000 - 0x00007ffd61e51000 	C:\WINDOWS\System32\ADVAPI32.dll
0x00007ffd628b0000 - 0x00007ffd6294d000 	C:\WINDOWS\System32\msvcrt.dll
0x00007ffd62950000 - 0x00007ffd629ab000 	C:\WINDOWS\System32\sechost.dll
0x00007ffd62790000 - 0x00007ffd628af000 	C:\WINDOWS\System32\RPCRT4.dll
0x00007ffd61c20000 - 0x00007ffd61daf000 	C:\WINDOWS\System32\USER32.dll
0x00007ffd5f010000 - 0x00007ffd5f030000 	C:\WINDOWS\System32\win32u.dll
0x00007ffd62a30000 - 0x00007ffd62a58000 	C:\WINDOWS\System32\GDI32.dll
0x00007ffd5f5c0000 - 0x00007ffd5f753000 	C:\WINDOWS\System32\gdi32full.dll
0x00007ffd60040000 - 0x00007ffd600db000 	C:\WINDOWS\System32\msvcp_win.dll
0x00007ffd5f4c0000 - 0x00007ffd5f5b6000 	C:\WINDOWS\System32\ucrtbase.dll
0x00007ffd54400000 - 0x00007ffd54669000 	C:\WINDOWS\WinSxS\amd64_microsoft.windows.common-controls_6595b64144ccf1df_6.0.16299.214_none_15cad1489362ef88\COMCTL32.dll
0x00007ffd60290000 - 0x00007ffd60598000 	C:\WINDOWS\System32\combase.dll
0x00007ffd5f810000 - 0x00007ffd5f882000 	C:\WINDOWS\System32\bcryptPrimitives.dll
0x00007ffd62a60000 - 0x00007ffd62a8d000 	C:\WINDOWS\System32\IMM32.DLL
0x0000000066310000 - 0x00000000663e2000 	C:\Program Files\Java\jdk1.8.0_151\jre\bin\msvcr100.dll
0x0000000066e50000 - 0x00000000676ed000 	C:\Program Files\Java\jdk1.8.0_151\jre\bin\server\jvm.dll
0x00007ffd62bd0000 - 0x00007ffd62bd8000 	C:\WINDOWS\System32\PSAPI.DLL
0x00007ffd597d0000 - 0x00007ffd597d9000 	C:\WINDOWS\SYSTEM32\WSOCK32.dll
0x00007ffd629c0000 - 0x00007ffd62a2c000 	C:\WINDOWS\System32\WS2_32.dll
0x00007ffd55540000 - 0x00007ffd55563000 	C:\WINDOWS\SYSTEM32\WINMM.dll
0x00007ffd53af0000 - 0x00007ffd53afa000 	C:\WINDOWS\SYSTEM32\VERSION.dll
0x00007ffd55510000 - 0x00007ffd5553a000 	C:\WINDOWS\SYSTEM32\WINMMBASE.dll
0x00007ffd5f200000 - 0x00007ffd5f24a000 	C:\WINDOWS\System32\cfgmgr32.dll
0x0000000066d60000 - 0x0000000066d6f000 	C:\Program Files\Java\jdk1.8.0_151\jre\bin\verify.dll
0x0000000066d30000 - 0x0000000066d59000 	C:\Program Files\Java\jdk1.8.0_151\jre\bin\java.dll
0x0000000066d10000 - 0x0000000066d26000 	C:\Program Files\Java\jdk1.8.0_151\jre\bin\zip.dll
0x00007ffd607e0000 - 0x00007ffd61c16000 	C:\WINDOWS\System32\SHELL32.dll
0x00007ffd61e60000 - 0x00007ffd61f06000 	C:\WINDOWS\System32\shcore.dll
0x00007ffd5f890000 - 0x00007ffd5ffd7000 	C:\WINDOWS\System32\windows.storage.dll
0x00007ffd62a90000 - 0x00007ffd62ae1000 	C:\WINDOWS\System32\shlwapi.dll
0x00007ffd5eff0000 - 0x00007ffd5f001000 	C:\WINDOWS\System32\kernel.appcore.dll
0x00007ffd5efa0000 - 0x00007ffd5efec000 	C:\WINDOWS\System32\powrprof.dll
0x00007ffd5ef60000 - 0x00007ffd5ef7b000 	C:\WINDOWS\System32\profapi.dll

VM Arguments:
jvm_args: -Djava.awt.headless=true -Xmx1024M -Dfile.encoding=windows-1252 -Duser.country=BR -Duser.language=pt -Duser.variant 
java_command: com.android.dx.command.Main --dex --force-jumbo --num-threads=4 --multi-dex --output C:\Users\evand\AndroidStudioProjects\MensagensToast\app\build\intermediates\transforms\dex\debug\folders\1000\10\com.android.support-support-fragment-25.3.1_df298d362fa4860bfaeffd7da4e344a9e1612da0 C:\Users\evand\AndroidStudioProjects\MensagensToast\app\build\intermediates\exploded-aar\com.android.support\support-fragment\25.3.1\jars\classes.jar
java_class_path (initial): C:\Users\evand\AppData\Local\Android\sdk\build-tools\27.0.3\lib\dx.jar
Launcher Type: SUN_STANDARD

Environment Variables:
PATH=C:\ProgramData\Oracle\Java\javapath;C:\WINDOWS\system32;C:\WINDOWS;C:\WINDOWS\System32\Wbem;C:\WINDOWS\System32\WindowsPowerShell\v1.0\;C:\Program Files\MySQL\MySQL Utilities 1.6\;C:\Program Files\Git\cmd;C:\Program Files (x86)\NVIDIA Corporation\PhysX\Common;C:\Users\evand\AppData\Local\Microsoft\WindowsApps;
USERNAME=evand
OS=Windows_NT
PROCESSOR_IDENTIFIER=Intel64 Family 6 Model 61 Stepping 4, GenuineIntel



---------------  S Y S T E M  ---------------

OS: Windows 10.0 , 64 bit Build 16299 (10.0.16299.15)

CPU:total 4 (initial active 4) (2 cores per cpu, 2 threads per core) family 6 model 61 stepping 4, cmov, cx8, fxsr, mmx, sse, sse2, sse3, ssse3, sse4.1, sse4.2, popcnt, avx, avx2, aes, clmul, erms, 3dnowpref, lzcnt, ht, tsc, tscinvbit, bmi1, bmi2, adx

Memory: 4k page, physical 8298376k(2347484k free), swap 8298376k(284420k free)

vm_info: Java HotSpot(TM) 64-Bit Server VM (25.151-b12) for windows-amd64 JRE (1.8.0_151-b12), built on Sep  5 2017 19:33:46 by "java_re" with MS VC++ 10.0 (VS2010)

time: Wed Feb 07 14:19:17 2018
elapsed time: 3 seconds (0d 0h 0m 3s)

