#
# There is insufficient memory for the Java Runtime Environment to continue.
# Native memory allocation (malloc) failed to allocate 123376 bytes for Chunk::new
# Possible reasons:
#   The system is out of physical RAM or swap space
#   In 32 bit mode, the process size limit was hit
# Possible solutions:
#   Reduce memory load on the system
#   Increase physical memory or swap space
#   Check if swap backing store is full
#   Use 64 bit Java on a 64 bit OS
#   Decrease Java heap size (-Xmx/-Xms)
#   Decrease number of Java threads
#   Decrease Java thread stack sizes (-Xss)
#   Set larger code cache with -XX:ReservedCodeCacheSize=
# This output file may be truncated or incomplete.
#
#  Out of Memory Error (allocation.cpp:390), pid=7316, tid=0x00000000000009fc
#
# JRE version: Java(TM) SE Runtime Environment (8.0_151-b12) (build 1.8.0_151-b12)
# Java VM: Java HotSpot(TM) 64-Bit Server VM (25.151-b12 mixed mode windows-amd64 compressed oops)
# Failed to write core dump. Minidumps are not enabled by default on client versions of Windows
#

---------------  T H R E A D  ---------------

Current thread (0x00000000174ae000):  JavaThread "C2 CompilerThread1" daemon [_thread_in_native, id=2556, stack(0x0000000018ce0000,0x0000000018de0000)]

Stack: [0x0000000018ce0000,0x0000000018de0000]
[error occurred during error reporting (printing stack bounds), id 0xc0000005]

Native frames: (J=compiled Java code, j=interpreted, Vv=VM code, C=native code)


Current CompileTask:
C2:    635  656       4       java.util.HashSet::contains (9 bytes)


---------------  P R O C E S S  ---------------

Java Threads: ( => current thread )
  0x0000000019177800 JavaThread "pool-2-thread-4" [_thread_in_Java, id=9476, stack(0x0000000019a30000,0x0000000019b30000)]
  0x0000000019171000 JavaThread "pool-2-thread-3" [_thread_in_Java, id=12184, stack(0x0000000019930000,0x0000000019a30000)]
  0x000000001916e000 JavaThread "pool-2-thread-2" [_thread_in_Java, id=4828, stack(0x0000000019830000,0x0000000019930000)]
  0x000000001917e000 JavaThread "pool-3-thread-1" [_thread_blocked, id=5108, stack(0x0000000019730000,0x0000000019830000)]
  0x000000001916c000 JavaThread "pool-2-thread-1" [_thread_blocked, id=8348, stack(0x0000000019630000,0x0000000019730000)]
  0x0000000018ee2000 JavaThread "Service Thread" daemon [_thread_blocked, id=9224, stack(0x00000000192e0000,0x00000000193e0000)]
  0x00000000174ba800 JavaThread "C1 CompilerThread2" daemon [_thread_in_native, id=8936, stack(0x0000000018de0000,0x0000000018ee0000)]
=>0x00000000174ae000 JavaThread "C2 CompilerThread1" daemon [_thread_in_native, id=2556, stack(0x0000000018ce0000,0x0000000018de0000)]
  0x000000001745c800 JavaThread "C2 CompilerThread0" daemon [_thread_in_native, id=12116, stack(0x0000000018be0000,0x0000000018ce0000)]
  0x000000001745a800 JavaThread "Attach Listener" daemon [_thread_blocked, id=3112, stack(0x0000000018ae0000,0x0000000018be0000)]
  0x0000000017459800 JavaThread "Signal Dispatcher" daemon [_thread_blocked, id=504, stack(0x00000000189e0000,0x0000000018ae0000)]
  0x0000000004d8a000 JavaThread "Finalizer" daemon [_thread_blocked, id=2568, stack(0x00000000186e0000,0x00000000187e0000)]
  0x0000000004d81000 JavaThread "Reference Handler" daemon [_thread_blocked, id=7356, stack(0x00000000185e0000,0x00000000186e0000)]
  0x0000000004c90800 JavaThread "main" [_thread_blocked, id=1868, stack(0x0000000004b00000,0x0000000004c00000)]

Other Threads:
  0x0000000017427000 VMThread [stack: 0x00000000184e0000,0x00000000185e0000] [id=3708]
  0x0000000018eeb800 WatcherThread [stack: 0x0000000019530000,0x0000000019630000] [id=8828]

VM state:not at safepoint (normal execution)

VM Mutex/Monitor currently owned by a thread: None

Heap:
 PSYoungGen      total 38400K, used 18675K [0x00000000eab00000, 0x00000000ed580000, 0x0000000100000000)
  eden space 33280K, 56% used [0x00000000eab00000,0x00000000ebd3cfb8,0x00000000ecb80000)
  from space 5120K, 0% used [0x00000000ed080000,0x00000000ed080000,0x00000000ed580000)
  to   space 5120K, 0% used [0x00000000ecb80000,0x00000000ecb80000,0x00000000ed080000)
 ParOldGen       total 87552K, used 0K [0x00000000c0000000, 0x00000000c5580000, 0x00000000eab00000)
  object space 87552K, 0% used [0x00000000c0000000,0x00000000c0000000,0x00000000c5580000)
 Metaspace       used 5684K, capacity 6640K, committed 6784K, reserved 1056768K
  class space    used 604K, capacity 616K, committed 640K, reserved 1048576K

Card table byte_map: [0x0000000014150000,0x0000000014360000] byte_map_base: 0x0000000013b50000

Marking Bits: (ParMarkBitMap*) 0x000000006766d850
 Begin Bits: [0x00000000148c0000, 0x00000000158c0000)
 End Bits:   [0x00000000158c0000, 0x00000000168c0000)

Polling page: 0x00000000031c0000

CodeCache: size=245760Kb used=2480Kb max_used=2491Kb free=243279Kb
 bounds [0x0000000004d90000, 0x0000000005010000, 0x0000000013d90000]
 total_blobs=899 nmethods=634 adapters=178
 compilation: enabled

Compilation events (10 events):
Event: 0.628 Thread 0x00000000174ae000 nmethod 647 0x0000000004ff3010 code [0x0000000004ff3140, 0x0000000004ff31b8]
Event: 0.628 Thread 0x00000000174ba800  648       1       com.android.dx.util.FixedSizeList::getOrNull0 (7 bytes)
Event: 0.628 Thread 0x00000000174ba800 nmethod 648 0x0000000004ff9f10 code [0x0000000004ffa060, 0x0000000004ffa190]
Event: 0.628 Thread 0x00000000174ba800  642   !   3       com.android.dx.cf.code.BytecodeArray::parseInstruction (2796 bytes)
Event: 0.628 Thread 0x000000001745c800  650       4       com.android.dx.util.ByteArray::getUnsignedShort (25 bytes)
Event: 0.629 Thread 0x00000000174ae000  654       4       java.util.ArrayList$Itr::<init> (6 bytes)
Event: 0.630 Thread 0x000000001745c800 nmethod 650 0x0000000004ff85d0 code [0x0000000004ff8720, 0x0000000004ff8878]
Event: 0.630 Thread 0x000000001745c800  655       4       java.util.HashMap::containsKey (18 bytes)
Event: 0.630 Thread 0x00000000174ae000 nmethod 654 0x0000000004fd6750 code [0x0000000004fd6880, 0x0000000004fd6918]
Event: 0.630 Thread 0x00000000174ae000  656       4       java.util.HashSet::contains (9 bytes)

GC Heap History (0 events):
No events

Deoptimization events (2 events):
Event: 0.372 Thread 0x0000000004c90800 Uncommon trap: reason=unstable_if action=reinterpret pc=0x0000000004ee3a14 method=java.lang.String.compareTo(Ljava/lang/String;)I @ 38
Event: 0.623 Thread 0x000000001916c000 Uncommon trap: reason=unstable_if action=reinterpret pc=0x0000000004fc448c method=java.util.HashMap.getNode(ILjava/lang/Object;)Ljava/util/HashMap$Node; @ 62

Internal exceptions (3 events):
Event: 0.046 Thread 0x0000000004c90800 Exception <a 'java/lang/NoSuchMethodError': Method sun.misc.Unsafe.defineClass(Ljava/lang/String;[BII)Ljava/lang/Class; name or signature does not match> (0x00000000eab07ca8) thrown at [C:\re\workspace\8-2-build-windows-amd64-cygwin\jdk8u151\9699\hotspot\
Event: 0.046 Thread 0x0000000004c90800 Exception <a 'java/lang/NoSuchMethodError': Method sun.misc.Unsafe.prefetchRead(Ljava/lang/Object;J)V name or signature does not match> (0x00000000eab07f90) thrown at [C:\re\workspace\8-2-build-windows-amd64-cygwin\jdk8u151\9699\hotspot\src\share\vm\prims
Event: 0.135 Thread 0x0000000004c90800 Exception <a 'java/io/FileNotFoundException'> (0x00000000eab597a8) thrown at [C:\re\workspace\8-2-build-windows-amd64-cygwin\jdk8u151\9699\hotspot\src\share\vm\prims\jni.cpp, line 709]

Events (10 events):
Event: 0.602 loading class com/android/dx/dex/file/UniformListItem done
Event: 0.620 loading class com/android/dx/dex/file/AnnotationSetRefItem
Event: 0.620 loading class com/android/dx/dex/file/AnnotationSetRefItem done
Event: 0.623 Thread 0x000000001916c000 Uncommon trap: trap_request=0xffffff65 fr.pc=0x0000000004fc448c
Event: 0.623 Thread 0x000000001916c000 DEOPT PACKING pc=0x0000000004fc448c sp=0x000000001972e9d0
Event: 0.623 Thread 0x000000001916c000 DEOPT UNPACKING pc=0x0000000004dd582a sp=0x000000001972e948 mode 2
Event: 0.629 loading class java/util/ArrayList$1
Event: 0.629 loading class java/util/ArrayList$1 done
Event: 0.631 loading class com/android/dx/ssa/back/FirstFitLocalCombiningAllocator$Multiset
Event: 0.631 loading class com/android/dx/ssa/back/FirstFitLocalCombiningAllocator$Multiset done


Dynamic libraries:
0x00007ff707d90000 - 0x00007ff707dc7000 	C:\Program Files\Java\jdk1.8.0_151\bin\java.exe
0x00007ffd62c10000 - 0x00007ffd62df0000 	C:\WINDOWS\SYSTEM32\ntdll.dll
0x00007ffd62020000 - 0x00007ffd620ce000 	C:\WINDOWS\System32\KERNEL32.DLL
0x00007ffd5f250000 - 0x00007ffd5f4b6000 	C:\WINDOWS\System32\KERNELBASE.dll
0x00007ffd61db0000 - 0x00007ffd61e51000 	C:\WINDOWS\System32\ADVAPI32.dll
0x00007ffd628b0000 - 0x00007ffd6294d000 	C:\WINDOWS\System32\msvcrt.dll
0x00007ffd62950000 - 0x00007ffd629ab000 	C:\WINDOWS\System32\sechost.dll
0x00007ffd62790000 - 0x00007ffd628af000 	C:\WINDOWS\System32\RPCRT4.dll
0x00007ffd61c20000 - 0x00007ffd61daf000 	C:\WINDOWS\System32\USER32.dll
0x00007ffd5f010000 - 0x00007ffd5f030000 	C:\WINDOWS\System32\win32u.dll
0x00007ffd62a30000 - 0x00007ffd62a58000 	C:\WINDOWS\System32\GDI32.dll
0x00007ffd5f5c0000 - 0x00007ffd5f753000 	C:\WINDOWS\System32\gdi32full.dll
0x00007ffd60040000 - 0x00007ffd600db000 	C:\WINDOWS\System32\msvcp_win.dll
0x00007ffd5f4c0000 - 0x00007ffd5f5b6000 	C:\WINDOWS\System32\ucrtbase.dll
0x00007ffd54400000 - 0x00007ffd54669000 	C:\WINDOWS\WinSxS\amd64_microsoft.windows.common-controls_6595b64144ccf1df_6.0.16299.214_none_15cad1489362ef88\COMCTL32.dll
0x00007ffd60290000 - 0x00007ffd60598000 	C:\WINDOWS\System32\combase.dll
0x00007ffd5f810000 - 0x00007ffd5f882000 	C:\WINDOWS\System32\bcryptPrimitives.dll
0x00007ffd62a60000 - 0x00007ffd62a8d000 	C:\WINDOWS\System32\IMM32.DLL
0x0000000066310000 - 0x00000000663e2000 	C:\Program Files\Java\jdk1.8.0_151\jre\bin\msvcr100.dll
0x0000000066e50000 - 0x00000000676ed000 	C:\Program Files\Java\jdk1.8.0_151\jre\bin\server\jvm.dll
0x00007ffd62bd0000 - 0x00007ffd62bd8000 	C:\WINDOWS\System32\PSAPI.DLL
0x00007ffd597d0000 - 0x00007ffd597d9000 	C:\WINDOWS\SYSTEM32\WSOCK32.dll
0x00007ffd53af0000 - 0x00007ffd53afa000 	C:\WINDOWS\SYSTEM32\VERSION.dll
0x00007ffd629c0000 - 0x00007ffd62a2c000 	C:\WINDOWS\System32\WS2_32.dll
0x00007ffd55540000 - 0x00007ffd55563000 	C:\WINDOWS\SYSTEM32\WINMM.dll
0x00007ffd55510000 - 0x00007ffd5553a000 	C:\WINDOWS\SYSTEM32\WINMMBASE.dll
0x00007ffd5f200000 - 0x00007ffd5f24a000 	C:\WINDOWS\System32\cfgmgr32.dll
0x0000000066d60000 - 0x0000000066d6f000 	C:\Program Files\Java\jdk1.8.0_151\jre\bin\verify.dll
0x0000000066d30000 - 0x0000000066d59000 	C:\Program Files\Java\jdk1.8.0_151\jre\bin\java.dll
0x0000000066d10000 - 0x0000000066d26000 	C:\Program Files\Java\jdk1.8.0_151\jre\bin\zip.dll
0x00007ffd607e0000 - 0x00007ffd61c16000 	C:\WINDOWS\System32\SHELL32.dll
0x00007ffd61e60000 - 0x00007ffd61f06000 	C:\WINDOWS\System32\shcore.dll
0x00007ffd5f890000 - 0x00007ffd5ffd7000 	C:\WINDOWS\System32\windows.storage.dll
0x00007ffd62a90000 - 0x00007ffd62ae1000 	C:\WINDOWS\System32\shlwapi.dll
0x00007ffd5eff0000 - 0x00007ffd5f001000 	C:\WINDOWS\System32\kernel.appcore.dll
0x00007ffd5efa0000 - 0x00007ffd5efec000 	C:\WINDOWS\System32\powrprof.dll
0x00007ffd5ef60000 - 0x00007ffd5ef7b000 	C:\WINDOWS\System32\profapi.dll

VM Arguments:
jvm_args: -Djava.awt.headless=true -Xmx1024M -Dfile.encoding=windows-1252 -Duser.country=BR -Duser.language=pt -Duser.variant 
java_command: com.android.dx.command.Main --dex --force-jumbo --num-threads=4 --multi-dex --output C:\Users\evand\AndroidStudioProjects\MensagensToast\app\build\intermediates\transforms\dex\debug\folders\1000\10\com.android.support-support-media-compat-25.3.1_03444c8ba729367b80772042232142e4422ac5ff C:\Users\evand\AndroidStudioProjects\MensagensToast\app\build\intermediates\exploded-aar\com.android.support\support-media-compat\25.3.1\jars\classes.jar
java_class_path (initial): C:\Users\evand\AppData\Local\Android\sdk\build-tools\27.0.3\lib\dx.jar
Launcher Type: SUN_STANDARD

Environment Variables:
PATH=C:\ProgramData\Oracle\Java\javapath;C:\WINDOWS\system32;C:\WINDOWS;C:\WINDOWS\System32\Wbem;C:\WINDOWS\System32\WindowsPowerShell\v1.0\;C:\Program Files\MySQL\MySQL Utilities 1.6\;C:\Program Files\Git\cmd;C:\Program Files (x86)\NVIDIA Corporation\PhysX\Common;C:\Users\evand\AppData\Local\Microsoft\WindowsApps;
USERNAME=evand
OS=Windows_NT
PROCESSOR_IDENTIFIER=Intel64 Family 6 Model 61 Stepping 4, GenuineIntel



---------------  S Y S T E M  ---------------

OS: Windows 10.0 , 64 bit Build 16299 (10.0.16299.15)

CPU:total 4 (initial active 4) (2 cores per cpu, 2 threads per core) family 6 model 61 stepping 4, cmov, cx8, fxsr, mmx, sse, sse2, sse3, ssse3, sse4.1, sse4.2, popcnt, avx, avx2, aes, clmul, erms, 3dnowpref, lzcnt, ht, tsc, tscinvbit, bmi1, bmi2, adx

Memory: 4k page, physical 8298376k(2347948k free), swap 8298376k(1136k free)

vm_info: Java HotSpot(TM) 64-Bit Server VM (25.151-b12) for windows-amd64 JRE (1.8.0_151-b12), built on Sep  5 2017 19:33:46 by "java_re" with MS VC++ 10.0 (VS2010)

time: Wed Feb 07 14:19:19 2018
elapsed time: 0 seconds (0d 0h 0m 0s)

