#
# There is insufficient memory for the Java Runtime Environment to continue.
# Native memory allocation (malloc) failed to allocate 32744 bytes for ChunkPool::allocate
# Possible reasons:
#   The system is out of physical RAM or swap space
#   In 32 bit mode, the process size limit was hit
# Possible solutions:
#   Reduce memory load on the system
#   Increase physical memory or swap space
#   Check if swap backing store is full
#   Use 64 bit Java on a 64 bit OS
#   Decrease Java heap size (-Xmx/-Xms)
#   Decrease number of Java threads
#   Decrease Java thread stack sizes (-Xss)
#   Set larger code cache with -XX:ReservedCodeCacheSize=
# This output file may be truncated or incomplete.
#
#  Out of Memory Error (allocation.cpp:273), pid=7104, tid=0x0000000000001ae8
#
# JRE version: Java(TM) SE Runtime Environment (8.0_151-b12) (build 1.8.0_151-b12)
# Java VM: Java HotSpot(TM) 64-Bit Server VM (25.151-b12 mixed mode windows-amd64 compressed oops)
# Failed to write core dump. Minidumps are not enabled by default on client versions of Windows
#

---------------  T H R E A D  ---------------

Current thread (0x0000000018ce0800):  JavaThread "C1 CompilerThread2" daemon [_thread_in_native, id=6888, stack(0x00000000190e0000,0x00000000191e0000)]

Stack: [0x00000000190e0000,0x00000000191e0000]
[error occurred during error reporting (printing stack bounds), id 0xc0000005]

Native frames: (J=compiled Java code, j=interpreted, Vv=VM code, C=native code)


Current CompileTask:
C1:   1017  711   !   3       com.android.dx.cf.code.RopperMachine::run (1608 bytes)


---------------  P R O C E S S  ---------------

Java Threads: ( => current thread )
  0x0000000018fd5000 JavaThread "pool-2-thread-4" [_thread_in_Java, id=9764, stack(0x0000000019930000,0x0000000019a30000)]
  0x0000000018fd4800 JavaThread "pool-2-thread-3" [_thread_in_Java, id=2260, stack(0x0000000019830000,0x0000000019930000)]
  0x0000000018f65800 JavaThread "pool-2-thread-2" [_thread_blocked, id=12568, stack(0x0000000019730000,0x0000000019830000)]
  0x0000000018e31800 JavaThread "pool-3-thread-1" [_thread_blocked, id=208, stack(0x0000000019630000,0x0000000019730000)]
  0x0000000018e2e800 JavaThread "pool-2-thread-1" [_thread_blocked, id=12780, stack(0x0000000019530000,0x0000000019630000)]
  0x0000000018ced800 JavaThread "Service Thread" daemon [_thread_blocked, id=2292, stack(0x00000000191e0000,0x00000000192e0000)]
=>0x0000000018ce0800 JavaThread "C1 CompilerThread2" daemon [_thread_in_native, id=6888, stack(0x00000000190e0000,0x00000000191e0000)]
  0x0000000017390800 JavaThread "C2 CompilerThread1" daemon [_thread_blocked, id=5948, stack(0x0000000018be0000,0x0000000018ce0000)]
  0x000000001738d800 JavaThread "C2 CompilerThread0" daemon [_thread_blocked, id=3380, stack(0x0000000018ae0000,0x0000000018be0000)]
  0x000000001738b800 JavaThread "Attach Listener" daemon [_thread_blocked, id=3480, stack(0x00000000189e0000,0x0000000018ae0000)]
  0x000000001738a000 JavaThread "Signal Dispatcher" daemon [_thread_blocked, id=10756, stack(0x00000000188e0000,0x00000000189e0000)]
  0x0000000004cb4800 JavaThread "Finalizer" daemon [_thread_blocked, id=8648, stack(0x00000000185e0000,0x00000000186e0000)]
  0x0000000004cb1000 JavaThread "Reference Handler" daemon [_thread_blocked, id=3464, stack(0x00000000184e0000,0x00000000185e0000)]
  0x0000000004bc0800 JavaThread "main" [_thread_blocked, id=7580, stack(0x00000000049c0000,0x0000000004ac0000)]

Other Threads:
  0x0000000017357000 VMThread [stack: 0x00000000183e0000,0x00000000184e0000] [id=3268]
  0x0000000018ce6000 WatcherThread [stack: 0x0000000019430000,0x0000000019530000] [id=5364]

VM state:not at safepoint (normal execution)

VM Mutex/Monitor currently owned by a thread: None

Heap:
 PSYoungGen      total 38400K, used 16965K [0x00000000eab00000, 0x00000000ed580000, 0x0000000100000000)
  eden space 33280K, 50% used [0x00000000eab00000,0x00000000ebb915d0,0x00000000ecb80000)
  from space 5120K, 0% used [0x00000000ed080000,0x00000000ed080000,0x00000000ed580000)
  to   space 5120K, 0% used [0x00000000ecb80000,0x00000000ecb80000,0x00000000ed080000)
 ParOldGen       total 87552K, used 0K [0x00000000c0000000, 0x00000000c5580000, 0x00000000eab00000)
  object space 87552K, 0% used [0x00000000c0000000,0x00000000c0000000,0x00000000c5580000)
 Metaspace       used 5743K, capacity 6768K, committed 7040K, reserved 1056768K
  class space    used 597K, capacity 616K, committed 640K, reserved 1048576K

Card table byte_map: [0x0000000014080000,0x0000000014290000] byte_map_base: 0x0000000013a80000

Marking Bits: (ParMarkBitMap*) 0x000000006766d850
 Begin Bits: [0x00000000147f0000, 0x00000000157f0000)
 End Bits:   [0x00000000157f0000, 0x00000000167f0000)

Polling page: 0x0000000003130000

CodeCache: size=245760Kb used=2972Kb max_used=2983Kb free=242787Kb
 bounds [0x0000000004cc0000, 0x0000000004fb0000, 0x0000000013cc0000]
 total_blobs=966 nmethods=700 adapters=177
 compilation: enabled

Compilation events (10 events):
Event: 1.005 Thread 0x0000000017390800  714       4       com.android.dx.ssa.NormalSsaInsn::getSources (8 bytes)
Event: 1.005 Thread 0x0000000017390800 nmethod 714 0x0000000004f5f050 code [0x0000000004f5f180, 0x0000000004f5f1f8]
Event: 1.005 Thread 0x0000000017390800  696   !   4       com.android.dx.util.IntList::<init> (37 bytes)
Event: 1.007 Thread 0x0000000017390800 nmethod 696 0x0000000004fa51d0 code [0x0000000004fa5320, 0x0000000004fa5478]
Event: 1.007 Thread 0x0000000017390800  724       4       java.util.TreeMap::parentOf (13 bytes)
Event: 1.007 Thread 0x0000000017390800 nmethod 724 0x0000000004f6ca10 code [0x0000000004f6cb40, 0x0000000004f6cb98]
Event: 1.007 Thread 0x0000000017390800  725       4       com.android.dx.util.Bits::set (19 bytes)
Event: 1.008 Thread 0x0000000017390800 nmethod 725 0x0000000004fa4f50 code [0x0000000004fa5080, 0x0000000004fa5118]
Event: 1.008 Thread 0x0000000017390800  715       4       java.util.ArrayList::isEmpty (13 bytes)
Event: 1.008 Thread 0x0000000017390800 nmethod 715 0x0000000004f811d0 code [0x0000000004f81300, 0x0000000004f81378]

GC Heap History (0 events):
No events

Deoptimization events (1 events):
Event: 0.902 Thread 0x0000000004bc0800 Uncommon trap: reason=unstable_if action=reinterpret pc=0x0000000004f1fe44 method=java.util.HashMap.getNode(ILjava/lang/Object;)Ljava/util/HashMap$Node; @ 62

Internal exceptions (3 events):
Event: 0.138 Thread 0x0000000004bc0800 Exception <a 'java/lang/NoSuchMethodError': Method sun.misc.Unsafe.defineClass(Ljava/lang/String;[BII)Ljava/lang/Class; name or signature does not match> (0x00000000eab07ca8) thrown at [C:\re\workspace\8-2-build-windows-amd64-cygwin\jdk8u151\9699\hotspot\
Event: 0.138 Thread 0x0000000004bc0800 Exception <a 'java/lang/NoSuchMethodError': Method sun.misc.Unsafe.prefetchRead(Ljava/lang/Object;J)V name or signature does not match> (0x00000000eab07f90) thrown at [C:\re\workspace\8-2-build-windows-amd64-cygwin\jdk8u151\9699\hotspot\src\share\vm\prims
Event: 0.221 Thread 0x0000000004bc0800 Exception <a 'java/io/FileNotFoundException'> (0x00000000eab59528) thrown at [C:\re\workspace\8-2-build-windows-amd64-cygwin\jdk8u151\9699\hotspot\src\share\vm\prims\jni.cpp, line 709]

Events (10 events):
Event: 0.894 loading class com/android/dx/rop/annotation/AnnotationsList done
Event: 0.896 loading class com/android/dx/cf/code/SwitchList
Event: 0.896 loading class com/android/dx/cf/code/SwitchList done
Event: 0.902 Thread 0x0000000004bc0800 Uncommon trap: trap_request=0xffffff65 fr.pc=0x0000000004f1fe44
Event: 0.902 Thread 0x0000000004bc0800 DEOPT PACKING pc=0x0000000004f1fe44 sp=0x0000000004abd790
Event: 0.902 Thread 0x0000000004bc0800 DEOPT UNPACKING pc=0x0000000004d0582a sp=0x0000000004abd708 mode 2
Event: 0.920 loading class java/util/DualPivotQuicksort
Event: 0.920 loading class java/util/DualPivotQuicksort done
Event: 0.959 Executing VM operation: ForceSafepoint
Event: 0.991 Executing VM operation: ForceSafepoint done


Dynamic libraries:
0x00007ff707d90000 - 0x00007ff707dc7000 	C:\Program Files\Java\jdk1.8.0_151\bin\java.exe
0x00007ffd62c10000 - 0x00007ffd62df0000 	C:\WINDOWS\SYSTEM32\ntdll.dll
0x00007ffd62020000 - 0x00007ffd620ce000 	C:\WINDOWS\System32\KERNEL32.DLL
0x00007ffd5f250000 - 0x00007ffd5f4b6000 	C:\WINDOWS\System32\KERNELBASE.dll
0x00007ffd61db0000 - 0x00007ffd61e51000 	C:\WINDOWS\System32\ADVAPI32.dll
0x00007ffd628b0000 - 0x00007ffd6294d000 	C:\WINDOWS\System32\msvcrt.dll
0x00007ffd62950000 - 0x00007ffd629ab000 	C:\WINDOWS\System32\sechost.dll
0x00007ffd62790000 - 0x00007ffd628af000 	C:\WINDOWS\System32\RPCRT4.dll
0x00007ffd61c20000 - 0x00007ffd61daf000 	C:\WINDOWS\System32\USER32.dll
0x00007ffd5f010000 - 0x00007ffd5f030000 	C:\WINDOWS\System32\win32u.dll
0x00007ffd62a30000 - 0x00007ffd62a58000 	C:\WINDOWS\System32\GDI32.dll
0x00007ffd5f5c0000 - 0x00007ffd5f753000 	C:\WINDOWS\System32\gdi32full.dll
0x00007ffd60040000 - 0x00007ffd600db000 	C:\WINDOWS\System32\msvcp_win.dll
0x00007ffd5f4c0000 - 0x00007ffd5f5b6000 	C:\WINDOWS\System32\ucrtbase.dll
0x00007ffd54400000 - 0x00007ffd54669000 	C:\WINDOWS\WinSxS\amd64_microsoft.windows.common-controls_6595b64144ccf1df_6.0.16299.214_none_15cad1489362ef88\COMCTL32.dll
0x00007ffd60290000 - 0x00007ffd60598000 	C:\WINDOWS\System32\combase.dll
0x00007ffd5f810000 - 0x00007ffd5f882000 	C:\WINDOWS\System32\bcryptPrimitives.dll
0x00007ffd62a60000 - 0x00007ffd62a8d000 	C:\WINDOWS\System32\IMM32.DLL
0x0000000066310000 - 0x00000000663e2000 	C:\Program Files\Java\jdk1.8.0_151\jre\bin\msvcr100.dll
0x0000000066e50000 - 0x00000000676ed000 	C:\Program Files\Java\jdk1.8.0_151\jre\bin\server\jvm.dll
0x00007ffd62bd0000 - 0x00007ffd62bd8000 	C:\WINDOWS\System32\PSAPI.DLL
0x00007ffd597d0000 - 0x00007ffd597d9000 	C:\WINDOWS\SYSTEM32\WSOCK32.dll
0x00007ffd629c0000 - 0x00007ffd62a2c000 	C:\WINDOWS\System32\WS2_32.dll
0x00007ffd55540000 - 0x00007ffd55563000 	C:\WINDOWS\SYSTEM32\WINMM.dll
0x00007ffd53af0000 - 0x00007ffd53afa000 	C:\WINDOWS\SYSTEM32\VERSION.dll
0x00007ffd55510000 - 0x00007ffd5553a000 	C:\WINDOWS\SYSTEM32\WINMMBASE.dll
0x00007ffd5f200000 - 0x00007ffd5f24a000 	C:\WINDOWS\System32\cfgmgr32.dll
0x0000000066d60000 - 0x0000000066d6f000 	C:\Program Files\Java\jdk1.8.0_151\jre\bin\verify.dll
0x0000000066d30000 - 0x0000000066d59000 	C:\Program Files\Java\jdk1.8.0_151\jre\bin\java.dll
0x0000000066d10000 - 0x0000000066d26000 	C:\Program Files\Java\jdk1.8.0_151\jre\bin\zip.dll
0x00007ffd607e0000 - 0x00007ffd61c16000 	C:\WINDOWS\System32\SHELL32.dll
0x00007ffd61e60000 - 0x00007ffd61f06000 	C:\WINDOWS\System32\shcore.dll
0x00007ffd5f890000 - 0x00007ffd5ffd7000 	C:\WINDOWS\System32\windows.storage.dll
0x00007ffd62a90000 - 0x00007ffd62ae1000 	C:\WINDOWS\System32\shlwapi.dll
0x00007ffd5eff0000 - 0x00007ffd5f001000 	C:\WINDOWS\System32\kernel.appcore.dll
0x00007ffd5efa0000 - 0x00007ffd5efec000 	C:\WINDOWS\System32\powrprof.dll
0x00007ffd5ef60000 - 0x00007ffd5ef7b000 	C:\WINDOWS\System32\profapi.dll

VM Arguments:
jvm_args: -Djava.awt.headless=true -Xmx1024M -Dfile.encoding=windows-1252 -Duser.country=BR -Duser.language=pt -Duser.variant 
java_command: com.android.dx.command.Main --dex --force-jumbo --num-threads=4 --multi-dex --output C:\Users\evand\AndroidStudioProjects\MensagensToast\app\build\intermediates\transforms\dex\debug\folders\1000\5\slice_6 C:\Users\evand\AndroidStudioProjects\MensagensToast\app\build\intermediates\transforms\instantRunSlicer\debug\folders\1\5\slice_6
java_class_path (initial): C:\Users\evand\AppData\Local\Android\sdk\build-tools\27.0.3\lib\dx.jar
Launcher Type: SUN_STANDARD

Environment Variables:
PATH=C:\ProgramData\Oracle\Java\javapath;C:\WINDOWS\system32;C:\WINDOWS;C:\WINDOWS\System32\Wbem;C:\WINDOWS\System32\WindowsPowerShell\v1.0\;C:\Program Files\MySQL\MySQL Utilities 1.6\;C:\Program Files\Git\cmd;C:\Program Files (x86)\NVIDIA Corporation\PhysX\Common;C:\Users\evand\AppData\Local\Microsoft\WindowsApps;
USERNAME=evand
OS=Windows_NT
PROCESSOR_IDENTIFIER=Intel64 Family 6 Model 61 Stepping 4, GenuineIntel



---------------  S Y S T E M  ---------------

OS: Windows 10.0 , 64 bit Build 16299 (10.0.16299.15)

CPU:total 4 (initial active 4) (2 cores per cpu, 2 threads per core) family 6 model 61 stepping 4, cmov, cx8, fxsr, mmx, sse, sse2, sse3, ssse3, sse4.1, sse4.2, popcnt, avx, avx2, aes, clmul, erms, 3dnowpref, lzcnt, ht, tsc, tscinvbit, bmi1, bmi2, adx

Memory: 4k page, physical 8298376k(2397356k free), swap 8298376k(5120k free)

vm_info: Java HotSpot(TM) 64-Bit Server VM (25.151-b12) for windows-amd64 JRE (1.8.0_151-b12), built on Sep  5 2017 19:33:46 by "java_re" with MS VC++ 10.0 (VS2010)

time: Wed Feb 07 14:19:13 2018
elapsed time: 1 seconds (0d 0h 0m 1s)

