#
# There is insufficient memory for the Java Runtime Environment to continue.
# Native memory allocation (malloc) failed to allocate 175696 bytes for Chunk::new
# Possible reasons:
#   The system is out of physical RAM or swap space
#   In 32 bit mode, the process size limit was hit
# Possible solutions:
#   Reduce memory load on the system
#   Increase physical memory or swap space
#   Check if swap backing store is full
#   Use 64 bit Java on a 64 bit OS
#   Decrease Java heap size (-Xmx/-Xms)
#   Decrease number of Java threads
#   Decrease Java thread stack sizes (-Xss)
#   Set larger code cache with -XX:ReservedCodeCacheSize=
# This output file may be truncated or incomplete.
#
#  Out of Memory Error (allocation.cpp:390), pid=5716, tid=0x0000000000000a44
#
# JRE version: Java(TM) SE Runtime Environment (8.0_151-b12) (build 1.8.0_151-b12)
# Java VM: Java HotSpot(TM) 64-Bit Server VM (25.151-b12 mixed mode windows-amd64 compressed oops)
# Failed to write core dump. Minidumps are not enabled by default on client versions of Windows
#

---------------  T H R E A D  ---------------

Current thread (0x000000001776c800):  JavaThread "C2 CompilerThread0" daemon [_thread_in_native, id=2628, stack(0x0000000018ec0000,0x0000000018fc0000)]

Stack: [0x0000000018ec0000,0x0000000018fc0000]
[error occurred during error reporting (printing stack bounds), id 0xc0000005]

Native frames: (J=compiled Java code, j=interpreted, Vv=VM code, C=native code)


Current CompileTask:
C2:   3573 1581   !   4       com.android.dx.cf.cst.ConstantPoolParser::parse0 (1008 bytes)


---------------  P R O C E S S  ---------------

Java Threads: ( => current thread )
  0x0000000019435000 JavaThread "pool-2-thread-4" [_thread_blocked, id=8144, stack(0x000000001a510000,0x000000001a610000)]
  0x00000000193f8800 JavaThread "pool-2-thread-3" [_thread_blocked, id=10648, stack(0x000000001a410000,0x000000001a510000)]
  0x00000000193f8000 JavaThread "pool-2-thread-2" [_thread_blocked, id=13048, stack(0x000000001a310000,0x000000001a410000)]
  0x00000000193f3000 JavaThread "pool-3-thread-1" [_thread_blocked, id=7040, stack(0x000000001a210000,0x000000001a310000)]
  0x00000000193e4000 JavaThread "pool-2-thread-1" [_thread_in_Java, id=1280, stack(0x000000001a110000,0x000000001a210000)]
  0x00000000190ca000 JavaThread "Service Thread" daemon [_thread_blocked, id=11660, stack(0x00000000195c0000,0x00000000196c0000)]
  0x00000000190c8800 JavaThread "C1 CompilerThread2" daemon [_thread_blocked, id=12044, stack(0x00000000194c0000,0x00000000195c0000)]
  0x000000001776f800 JavaThread "C2 CompilerThread1" daemon [_thread_in_native, id=3780, stack(0x0000000018fc0000,0x00000000190c0000)]
=>0x000000001776c800 JavaThread "C2 CompilerThread0" daemon [_thread_in_native, id=2628, stack(0x0000000018ec0000,0x0000000018fc0000)]
  0x000000001776a800 JavaThread "Attach Listener" daemon [_thread_blocked, id=9200, stack(0x0000000018dc0000,0x0000000018ec0000)]
  0x0000000017769800 JavaThread "Signal Dispatcher" daemon [_thread_blocked, id=11796, stack(0x0000000018cc0000,0x0000000018dc0000)]
  0x0000000005094800 JavaThread "Finalizer" daemon [_thread_blocked, id=696, stack(0x00000000189c0000,0x0000000018ac0000)]
  0x0000000005091000 JavaThread "Reference Handler" daemon [_thread_blocked, id=12488, stack(0x00000000188c0000,0x00000000189c0000)]
  0x0000000004fa0800 JavaThread "main" [_thread_blocked, id=8164, stack(0x0000000004e10000,0x0000000004f10000)]

Other Threads:
  0x0000000017737000 VMThread [stack: 0x00000000187c0000,0x00000000188c0000] [id=12196]
  0x00000000190e3000 WatcherThread [stack: 0x0000000019810000,0x0000000019910000] [id=9148]

VM state:not at safepoint (normal execution)

VM Mutex/Monitor currently owned by a thread: None

Heap:
 PSYoungGen      total 71680K, used 9597K [0x00000000eab00000, 0x00000000ef600000, 0x0000000100000000)
  eden space 66560K, 6% used [0x00000000eab00000,0x00000000eaf60998,0x00000000eec00000)
  from space 5120K, 99% used [0x00000000ef100000,0x00000000ef5feac8,0x00000000ef600000)
  to   space 5120K, 0% used [0x00000000eec00000,0x00000000eec00000,0x00000000ef100000)
 ParOldGen       total 87552K, used 3590K [0x00000000c0000000, 0x00000000c5580000, 0x00000000eab00000)
  object space 87552K, 4% used [0x00000000c0000000,0x00000000c0381a60,0x00000000c5580000)
 Metaspace       used 6326K, capacity 7158K, committed 7296K, reserved 1056768K
  class space    used 615K, capacity 622K, committed 640K, reserved 1048576K

Card table byte_map: [0x0000000014460000,0x0000000014670000] byte_map_base: 0x0000000013e60000

Marking Bits: (ParMarkBitMap*) 0x000000006766d850
 Begin Bits: [0x0000000014bd0000, 0x0000000015bd0000)
 End Bits:   [0x0000000015bd0000, 0x0000000016bd0000)

Polling page: 0x00000000035e0000

CodeCache: size=245760Kb used=6729Kb max_used=6742Kb free=239030Kb
 bounds [0x00000000050a0000, 0x0000000005740000, 0x00000000140a0000]
 total_blobs=1852 nmethods=1584 adapters=181
 compilation: enabled

Compilation events (10 events):
Event: 3.500 Thread 0x000000001776f800 nmethod 1584 0x00000000056e3410 code [0x00000000056e35e0, 0x00000000056e4030]
Event: 3.505 Thread 0x000000001776f800 1585       4       com.android.dx.ssa.SsaMethod::mapRegisters (87 bytes)
Event: 3.543 Thread 0x000000001776f800 nmethod 1585 0x000000000573b050 code [0x000000000573b260, 0x000000000573c220]
Event: 3.543 Thread 0x00000000190c8800 1586       3       com.android.dx.dex.file.ClassDefItem::addDirectMethod (9 bytes)
Event: 3.544 Thread 0x00000000190c8800 nmethod 1586 0x00000000056d3a50 code [0x00000000056d3c20, 0x00000000056d4338]
Event: 3.548 Thread 0x000000001776f800 1587       4       com.android.dx.rop.code.SourcePosition::<init> (50 bytes)
Event: 3.549 Thread 0x000000001776f800 nmethod 1587 0x00000000056e3190 code [0x00000000056e32c0, 0x00000000056e3378]
Event: 3.549 Thread 0x000000001776f800 1588       4       com.android.dx.cf.code.Merger::isPossiblyAssignableFrom (202 bytes)
Event: 3.560 Thread 0x000000001776f800 nmethod 1588 0x00000000057380d0 code [0x00000000057382a0, 0x00000000057388d0]
Event: 3.560 Thread 0x000000001776f800 1589       4       com.android.dx.ssa.SsaBasicBlock::newFromRop (183 bytes)

GC Heap History (4 events):
Event: 1.377 GC heap before
{Heap before GC invocations=1 (full 0):
 PSYoungGen      total 38400K, used 33280K [0x00000000eab00000, 0x00000000ed580000, 0x0000000100000000)
  eden space 33280K, 100% used [0x00000000eab00000,0x00000000ecb80000,0x00000000ecb80000)
  from space 5120K, 0% used [0x00000000ed080000,0x00000000ed080000,0x00000000ed580000)
  to   space 5120K, 0% used [0x00000000ecb80000,0x00000000ecb80000,0x00000000ed080000)
 ParOldGen       total 87552K, used 416K [0x00000000c0000000, 0x00000000c5580000, 0x00000000eab00000)
  object space 87552K, 0% used [0x00000000c0000000,0x00000000c00683a0,0x00000000c5580000)
 Metaspace       used 5945K, capacity 6896K, committed 7040K, reserved 1056768K
  class space    used 607K, capacity 616K, committed 640K, reserved 1048576K
Event: 1.478 GC heap after
Heap after GC invocations=1 (full 0):
 PSYoungGen      total 38400K, used 5110K [0x00000000eab00000, 0x00000000ef600000, 0x0000000100000000)
  eden space 33280K, 0% used [0x00000000eab00000,0x00000000eab00000,0x00000000ecb80000)
  from space 5120K, 99% used [0x00000000ecb80000,0x00000000ed07d848,0x00000000ed080000)
  to   space 5120K, 0% used [0x00000000ef100000,0x00000000ef100000,0x00000000ef600000)
 ParOldGen       total 87552K, used 556K [0x00000000c0000000, 0x00000000c5580000, 0x00000000eab00000)
  object space 87552K, 0% used [0x00000000c0000000,0x00000000c008b290,0x00000000c5580000)
 Metaspace       used 5945K, capacity 6896K, committed 7040K, reserved 1056768K
  class space    used 607K, capacity 616K, committed 640K, reserved 1048576K
}
Event: 2.587 GC heap before
{Heap before GC invocations=2 (full 0):
 PSYoungGen      total 38400K, used 38390K [0x00000000eab00000, 0x00000000ef600000, 0x0000000100000000)
  eden space 33280K, 100% used [0x00000000eab00000,0x00000000ecb80000,0x00000000ecb80000)
  from space 5120K, 99% used [0x00000000ecb80000,0x00000000ed07d848,0x00000000ed080000)
  to   space 5120K, 0% used [0x00000000ef100000,0x00000000ef100000,0x00000000ef600000)
 ParOldGen       total 87552K, used 558K [0x00000000c0000000, 0x00000000c5580000, 0x00000000eab00000)
  object space 87552K, 0% used [0x00000000c0000000,0x00000000c008ba28,0x00000000c5580000)
 Metaspace       used 6315K, capacity 7158K, committed 7296K, reserved 1056768K
  class space    used 615K, capacity 622K, committed 640K, reserved 1048576K
Event: 2.620 GC heap after
Heap after GC invocations=2 (full 0):
 PSYoungGen      total 71680K, used 5114K [0x00000000eab00000, 0x00000000ef600000, 0x0000000100000000)
  eden space 66560K, 0% used [0x00000000eab00000,0x00000000eab00000,0x00000000eec00000)
  from space 5120K, 99% used [0x00000000ef100000,0x00000000ef5feac8,0x00000000ef600000)
  to   space 5120K, 0% used [0x00000000eec00000,0x00000000eec00000,0x00000000ef100000)
 ParOldGen       total 87552K, used 3590K [0x00000000c0000000, 0x00000000c5580000, 0x00000000eab00000)
  object space 87552K, 4% used [0x00000000c0000000,0x00000000c0381a60,0x00000000c5580000)
 Metaspace       used 6315K, capacity 7158K, committed 7296K, reserved 1056768K
  class space    used 615K, capacity 622K, committed 640K, reserved 1048576K
}

Deoptimization events (10 events):
Event: 1.599 Thread 0x00000000193f8000 Uncommon trap: reason=class_check action=maybe_recompile pc=0x00000000053b4910 method=com.android.dx.rop.type.Type.equals(Ljava/lang/Object;)Z @ 8
Event: 1.599 Thread 0x00000000193f8000 Uncommon trap: reason=class_check action=maybe_recompile pc=0x00000000053b4910 method=com.android.dx.rop.type.Type.equals(Ljava/lang/Object;)Z @ 8
Event: 1.599 Thread 0x00000000193f8000 Uncommon trap: reason=class_check action=maybe_recompile pc=0x00000000053b4910 method=com.android.dx.rop.type.Type.equals(Ljava/lang/Object;)Z @ 8
Event: 1.600 Thread 0x00000000193f8000 Uncommon trap: reason=class_check action=maybe_recompile pc=0x0000000005378ce8 method=com.android.dx.rop.type.Type.equals(Ljava/lang/Object;)Z @ 8
Event: 1.600 Thread 0x00000000193f8000 Uncommon trap: reason=class_check action=maybe_recompile pc=0x00000000053f81e8 method=com.android.dx.rop.type.Type.equals(Ljava/lang/Object;)Z @ 8
Event: 1.672 Thread 0x00000000193e4000 Uncommon trap: reason=class_check action=maybe_recompile pc=0x00000000053561a0 method=com.android.dx.rop.type.Type.equals(Ljava/lang/Object;)Z @ 8
Event: 1.674 Thread 0x00000000193e4000 Uncommon trap: reason=class_check action=maybe_recompile pc=0x0000000005457d6c method=com.android.dx.rop.type.Type.equals(Ljava/lang/Object;)Z @ 8
Event: 1.694 Thread 0x00000000193e4000 Uncommon trap: reason=unstable_if action=reinterpret pc=0x00000000053515dc method=com.android.dx.rop.cst.Constant.compareTo(Lcom/android/dx/rop/cst/Constant;)I @ 12
Event: 1.696 Thread 0x00000000193e4000 Uncommon trap: reason=unstable_if action=reinterpret pc=0x000000000552005c method=com.android.dx.util.LabeledList.set(ILcom/android/dx/util/LabeledItem;)V @ 16
Event: 1.721 Thread 0x00000000193f8000 Uncommon trap: reason=unstable_if action=reinterpret pc=0x0000000005441d1c method=com.android.dx.ssa.SsaMethod.updateOneDefinition(Lcom/android/dx/ssa/SsaInsn;Lcom/android/dx/rop/code/RegisterSpec;)V @ 4

Internal exceptions (3 events):
Event: 0.219 Thread 0x0000000004fa0800 Exception <a 'java/lang/NoSuchMethodError': Method sun.misc.Unsafe.defineClass(Ljava/lang/String;[BII)Ljava/lang/Class; name or signature does not match> (0x00000000eab07ca8) thrown at [C:\re\workspace\8-2-build-windows-amd64-cygwin\jdk8u151\9699\hotspot\
Event: 0.219 Thread 0x0000000004fa0800 Exception <a 'java/lang/NoSuchMethodError': Method sun.misc.Unsafe.prefetchRead(Ljava/lang/Object;J)V name or signature does not match> (0x00000000eab07f90) thrown at [C:\re\workspace\8-2-build-windows-amd64-cygwin\jdk8u151\9699\hotspot\src\share\vm\prims
Event: 0.320 Thread 0x0000000004fa0800 Exception <a 'java/io/FileNotFoundException'> (0x00000000eab59760) thrown at [C:\re\workspace\8-2-build-windows-amd64-cygwin\jdk8u151\9699\hotspot\src\share\vm\prims\jni.cpp, line 709]

Events (10 events):
Event: 1.774 loading class java/util/concurrent/ThreadLocalRandom
Event: 1.774 loading class java/util/Random
Event: 1.775 loading class java/util/Random done
Event: 1.775 loading class java/util/concurrent/ThreadLocalRandom done
Event: 2.413 Executing VM operation: ForceSafepoint
Event: 2.560 Executing VM operation: ForceSafepoint done
Event: 2.587 Executing VM operation: ParallelGCFailedAllocation
Event: 2.620 Executing VM operation: ParallelGCFailedAllocation done
Event: 2.737 loading class com/android/dx/rop/code/RegisterSpec$1
Event: 2.737 loading class com/android/dx/rop/code/RegisterSpec$1 done


Dynamic libraries:
0x00007ff707d90000 - 0x00007ff707dc7000 	C:\Program Files\Java\jdk1.8.0_151\bin\java.exe
0x00007ffd62c10000 - 0x00007ffd62df0000 	C:\WINDOWS\SYSTEM32\ntdll.dll
0x00007ffd62020000 - 0x00007ffd620ce000 	C:\WINDOWS\System32\KERNEL32.DLL
0x00007ffd5f250000 - 0x00007ffd5f4b6000 	C:\WINDOWS\System32\KERNELBASE.dll
0x00007ffd61db0000 - 0x00007ffd61e51000 	C:\WINDOWS\System32\ADVAPI32.dll
0x00007ffd628b0000 - 0x00007ffd6294d000 	C:\WINDOWS\System32\msvcrt.dll
0x00007ffd62950000 - 0x00007ffd629ab000 	C:\WINDOWS\System32\sechost.dll
0x00007ffd62790000 - 0x00007ffd628af000 	C:\WINDOWS\System32\RPCRT4.dll
0x00007ffd61c20000 - 0x00007ffd61daf000 	C:\WINDOWS\System32\USER32.dll
0x00007ffd5f010000 - 0x00007ffd5f030000 	C:\WINDOWS\System32\win32u.dll
0x00007ffd62a30000 - 0x00007ffd62a58000 	C:\WINDOWS\System32\GDI32.dll
0x00007ffd5f5c0000 - 0x00007ffd5f753000 	C:\WINDOWS\System32\gdi32full.dll
0x00007ffd60040000 - 0x00007ffd600db000 	C:\WINDOWS\System32\msvcp_win.dll
0x00007ffd5f4c0000 - 0x00007ffd5f5b6000 	C:\WINDOWS\System32\ucrtbase.dll
0x00007ffd54400000 - 0x00007ffd54669000 	C:\WINDOWS\WinSxS\amd64_microsoft.windows.common-controls_6595b64144ccf1df_6.0.16299.214_none_15cad1489362ef88\COMCTL32.dll
0x00007ffd60290000 - 0x00007ffd60598000 	C:\WINDOWS\System32\combase.dll
0x00007ffd5f810000 - 0x00007ffd5f882000 	C:\WINDOWS\System32\bcryptPrimitives.dll
0x00007ffd62a60000 - 0x00007ffd62a8d000 	C:\WINDOWS\System32\IMM32.DLL
0x0000000066310000 - 0x00000000663e2000 	C:\Program Files\Java\jdk1.8.0_151\jre\bin\msvcr100.dll
0x0000000066e50000 - 0x00000000676ed000 	C:\Program Files\Java\jdk1.8.0_151\jre\bin\server\jvm.dll
0x00007ffd62bd0000 - 0x00007ffd62bd8000 	C:\WINDOWS\System32\PSAPI.DLL
0x00007ffd597d0000 - 0x00007ffd597d9000 	C:\WINDOWS\SYSTEM32\WSOCK32.dll
0x00007ffd629c0000 - 0x00007ffd62a2c000 	C:\WINDOWS\System32\WS2_32.dll
0x00007ffd55540000 - 0x00007ffd55563000 	C:\WINDOWS\SYSTEM32\WINMM.dll
0x00007ffd53af0000 - 0x00007ffd53afa000 	C:\WINDOWS\SYSTEM32\VERSION.dll
0x00007ffd55510000 - 0x00007ffd5553a000 	C:\WINDOWS\SYSTEM32\WINMMBASE.dll
0x00007ffd5f200000 - 0x00007ffd5f24a000 	C:\WINDOWS\System32\cfgmgr32.dll
0x0000000066d60000 - 0x0000000066d6f000 	C:\Program Files\Java\jdk1.8.0_151\jre\bin\verify.dll
0x0000000066d30000 - 0x0000000066d59000 	C:\Program Files\Java\jdk1.8.0_151\jre\bin\java.dll
0x0000000066d10000 - 0x0000000066d26000 	C:\Program Files\Java\jdk1.8.0_151\jre\bin\zip.dll
0x00007ffd607e0000 - 0x00007ffd61c16000 	C:\WINDOWS\System32\SHELL32.dll
0x00007ffd61e60000 - 0x00007ffd61f06000 	C:\WINDOWS\System32\shcore.dll
0x00007ffd5f890000 - 0x00007ffd5ffd7000 	C:\WINDOWS\System32\windows.storage.dll
0x00007ffd62a90000 - 0x00007ffd62ae1000 	C:\WINDOWS\System32\shlwapi.dll
0x00007ffd5eff0000 - 0x00007ffd5f001000 	C:\WINDOWS\System32\kernel.appcore.dll
0x00007ffd5efa0000 - 0x00007ffd5efec000 	C:\WINDOWS\System32\powrprof.dll
0x00007ffd5ef60000 - 0x00007ffd5ef7b000 	C:\WINDOWS\System32\profapi.dll

VM Arguments:
jvm_args: -Djava.awt.headless=true -Xmx1024M -Dfile.encoding=windows-1252 -Duser.country=BR -Duser.language=pt -Duser.variant 
java_command: com.android.dx.command.Main --dex --force-jumbo --num-threads=4 --multi-dex --output C:\Users\evand\AndroidStudioProjects\MensagensToast\app\build\intermediates\transforms\dex\debug\folders\1000\10\com.android.support-support-compat-25.3.1_8730e5cf8bce732b35498a0f56c221c703f336bb C:\Users\evand\AndroidStudioProjects\MensagensToast\app\build\intermediates\exploded-aar\com.android.support\support-compat\25.3.1\jars\classes.jar
java_class_path (initial): C:\Users\evand\AppData\Local\Android\sdk\build-tools\27.0.3\lib\dx.jar
Launcher Type: SUN_STANDARD

Environment Variables:
PATH=C:\ProgramData\Oracle\Java\javapath;C:\WINDOWS\system32;C:\WINDOWS;C:\WINDOWS\System32\Wbem;C:\WINDOWS\System32\WindowsPowerShell\v1.0\;C:\Program Files\MySQL\MySQL Utilities 1.6\;C:\Program Files\Git\cmd;C:\Program Files (x86)\NVIDIA Corporation\PhysX\Common;C:\Users\evand\AppData\Local\Microsoft\WindowsApps;
USERNAME=evand
OS=Windows_NT
PROCESSOR_IDENTIFIER=Intel64 Family 6 Model 61 Stepping 4, GenuineIntel



---------------  S Y S T E M  ---------------

OS: Windows 10.0 , 64 bit Build 16299 (10.0.16299.15)

CPU:total 4 (initial active 4) (2 cores per cpu, 2 threads per core) family 6 model 61 stepping 4, cmov, cx8, fxsr, mmx, sse, sse2, sse3, ssse3, sse4.1, sse4.2, popcnt, avx, avx2, aes, clmul, erms, 3dnowpref, lzcnt, ht, tsc, tscinvbit, bmi1, bmi2, adx

Memory: 4k page, physical 8298376k(2297176k free), swap 8298376k(5524k free)

vm_info: Java HotSpot(TM) 64-Bit Server VM (25.151-b12) for windows-amd64 JRE (1.8.0_151-b12), built on Sep  5 2017 19:33:46 by "java_re" with MS VC++ 10.0 (VS2010)

time: Wed Feb 07 14:19:17 2018
elapsed time: 3 seconds (0d 0h 0m 3s)

