#
# There is insufficient memory for the Java Runtime Environment to continue.
# Native memory allocation (malloc) failed to allocate 32744 bytes for ChunkPool::allocate
# Possible reasons:
#   The system is out of physical RAM or swap space
#   In 32 bit mode, the process size limit was hit
# Possible solutions:
#   Reduce memory load on the system
#   Increase physical memory or swap space
#   Check if swap backing store is full
#   Use 64 bit Java on a 64 bit OS
#   Decrease Java heap size (-Xmx/-Xms)
#   Decrease number of Java threads
#   Decrease Java thread stack sizes (-Xss)
#   Set larger code cache with -XX:ReservedCodeCacheSize=
# This output file may be truncated or incomplete.
#
#  Out of Memory Error (allocation.cpp:273), pid=10588, tid=0x0000000000001b38
#
# JRE version: Java(TM) SE Runtime Environment (8.0_151-b12) (build 1.8.0_151-b12)
# Java VM: Java HotSpot(TM) 64-Bit Server VM (25.151-b12 mixed mode windows-amd64 compressed oops)
# Failed to write core dump. Minidumps are not enabled by default on client versions of Windows
#

---------------  T H R E A D  ---------------

Current thread (0x00000000185e8800):  JavaThread "C1 CompilerThread2" daemon [_thread_in_native, id=6968, stack(0x00000000189e0000,0x0000000018ae0000)]

Stack: [0x00000000189e0000,0x0000000018ae0000]
[error occurred during error reporting (printing stack bounds), id 0xc0000005]

Native frames: (J=compiled Java code, j=interpreted, Vv=VM code, C=native code)


Current CompileTask:
C1:   1466  126       3       sun.nio.cs.UTF_8$Decoder::decode (779 bytes)


---------------  P R O C E S S  ---------------

Java Threads: ( => current thread )
  0x00000000185ed000 JavaThread "Service Thread" daemon [_thread_blocked, id=11512, stack(0x0000000018ae0000,0x0000000018be0000)]
=>0x00000000185e8800 JavaThread "C1 CompilerThread2" daemon [_thread_in_native, id=6968, stack(0x00000000189e0000,0x0000000018ae0000)]
  0x0000000016c6f800 JavaThread "C2 CompilerThread1" daemon [_thread_blocked, id=2140, stack(0x00000000184e0000,0x00000000185e0000)]
  0x0000000016c6c800 JavaThread "C2 CompilerThread0" daemon [_thread_blocked, id=12616, stack(0x00000000183e0000,0x00000000184e0000)]
  0x0000000016c6a800 JavaThread "Attach Listener" daemon [_thread_blocked, id=8132, stack(0x00000000182e0000,0x00000000183e0000)]
  0x0000000016c69800 JavaThread "Signal Dispatcher" daemon [_thread_blocked, id=1884, stack(0x00000000181e0000,0x00000000182e0000)]
  0x0000000004524800 JavaThread "Finalizer" daemon [_thread_blocked, id=11188, stack(0x0000000017ee0000,0x0000000017fe0000)]
  0x0000000004521000 JavaThread "Reference Handler" daemon [_thread_blocked, id=12508, stack(0x0000000017de0000,0x0000000017ee0000)]
  0x0000000004430800 JavaThread "main" [_thread_in_vm, id=12400, stack(0x00000000042c0000,0x00000000043c0000)]

Other Threads:
  0x0000000016c37000 VMThread [stack: 0x0000000017ce0000,0x0000000017de0000] [id=1844]
  0x00000000185f9000 WatcherThread [stack: 0x0000000018d30000,0x0000000018e30000] [id=5116]

VM state:not at safepoint (normal execution)

VM Mutex/Monitor currently owned by a thread: None

Heap:
 PSYoungGen      total 38400K, used 3364K [0x00000000eab00000, 0x00000000ed580000, 0x0000000100000000)
  eden space 33280K, 10% used [0x00000000eab00000,0x00000000eae492a0,0x00000000ecb80000)
  from space 5120K, 0% used [0x00000000ed080000,0x00000000ed080000,0x00000000ed580000)
  to   space 5120K, 0% used [0x00000000ecb80000,0x00000000ecb80000,0x00000000ed080000)
 ParOldGen       total 87552K, used 0K [0x00000000c0000000, 0x00000000c5580000, 0x00000000eab00000)
  object space 87552K, 0% used [0x00000000c0000000,0x00000000c0000000,0x00000000c5580000)
 Metaspace       used 3828K, capacity 5008K, committed 5120K, reserved 1056768K
  class space    used 435K, capacity 456K, committed 512K, reserved 1048576K

Card table byte_map: [0x0000000013960000,0x0000000013b70000] byte_map_base: 0x0000000013360000

Marking Bits: (ParMarkBitMap*) 0x000000006766d850
 Begin Bits: [0x00000000140d0000, 0x00000000150d0000)
 End Bits:   [0x00000000150d0000, 0x00000000160d0000)

Polling page: 0x0000000002930000

CodeCache: size=245760Kb used=1298Kb max_used=1298Kb free=244461Kb
 bounds [0x00000000045a0000, 0x0000000004810000, 0x00000000135a0000]
 total_blobs=374 nmethods=125 adapters=162
 compilation: enabled

Compilation events (10 events):
Event: 1.321 Thread 0x00000000185e8800 nmethod 120 0x00000000046e1d90 code [0x00000000046e1f00, 0x00000000046e2148]
Event: 1.338 Thread 0x00000000185e8800  121       3       java.nio.DirectLongBufferU::get (16 bytes)
Event: 1.338 Thread 0x00000000185e8800 nmethod 121 0x00000000046e1890 code [0x00000000046e1a00, 0x00000000046e1c70]
Event: 1.338 Thread 0x00000000185e8800  123       3       java.nio.DirectLongBufferU::put (18 bytes)
Event: 1.339 Thread 0x00000000185e8800 nmethod 123 0x00000000046e28d0 code [0x00000000046e2a40, 0x00000000046e2cb0]
Event: 1.343 Thread 0x00000000185e8800  124       3       sun.net.www.ParseUtil::encodePath (336 bytes)
Event: 1.345 Thread 0x00000000185e8800 nmethod 124 0x00000000046e2dd0 code [0x00000000046e3040, 0x00000000046e4058]
Event: 1.413 Thread 0x00000000185e8800  125       3       java.lang.String::indexOf (25 bytes)
Event: 1.413 Thread 0x00000000185e8800 nmethod 125 0x00000000046e47d0 code [0x00000000046e4940, 0x00000000046e4ae8]
Event: 1.461 Thread 0x00000000185e8800  126       3       sun.nio.cs.UTF_8$Decoder::decode (779 bytes)

GC Heap History (0 events):
No events

Deoptimization events (0 events):
No events

Internal exceptions (3 events):
Event: 0.109 Thread 0x0000000004430800 Exception <a 'java/lang/NoSuchMethodError': Method sun.misc.Unsafe.defineClass(Ljava/lang/String;[BII)Ljava/lang/Class; name or signature does not match> (0x00000000eab07ca8) thrown at [C:\re\workspace\8-2-build-windows-amd64-cygwin\jdk8u151\9699\hotspot\
Event: 0.109 Thread 0x0000000004430800 Exception <a 'java/lang/NoSuchMethodError': Method sun.misc.Unsafe.prefetchRead(Ljava/lang/Object;J)V name or signature does not match> (0x00000000eab07f90) thrown at [C:\re\workspace\8-2-build-windows-amd64-cygwin\jdk8u151\9699\hotspot\src\share\vm\prims
Event: 0.599 Thread 0x0000000004430800 Exception <a 'java/io/FileNotFoundException'> (0x00000000eab59730) thrown at [C:\re\workspace\8-2-build-windows-amd64-cygwin\jdk8u151\9699\hotspot\src\share\vm\prims\jni.cpp, line 709]

Events (10 events):
Event: 1.459 loading class com/android/dx/util/ByteArray$MyDataInputStream
Event: 1.459 loading class com/android/dx/util/ByteArray$MyDataInputStream done
Event: 1.460 loading class java/io/DataInputStream
Event: 1.460 loading class java/io/DataInput
Event: 1.460 loading class java/io/DataInput done
Event: 1.460 loading class java/io/DataInputStream done
Event: 1.460 loading class com/android/dx/util/ByteArray$MyInputStream
Event: 1.460 loading class com/android/dx/util/ByteArray$MyInputStream done
Event: 1.460 loading class com/android/dx/cf/code/LocalVariableList
Event: 1.460 loading class com/android/dx/cf/code/LocalVariableList done


Dynamic libraries:
0x00007ff707d90000 - 0x00007ff707dc7000 	C:\Program Files\Java\jdk1.8.0_151\bin\java.exe
0x00007ffd62c10000 - 0x00007ffd62df0000 	C:\WINDOWS\SYSTEM32\ntdll.dll
0x00007ffd62020000 - 0x00007ffd620ce000 	C:\WINDOWS\System32\KERNEL32.DLL
0x00007ffd5f250000 - 0x00007ffd5f4b6000 	C:\WINDOWS\System32\KERNELBASE.dll
0x00007ffd61db0000 - 0x00007ffd61e51000 	C:\WINDOWS\System32\ADVAPI32.dll
0x00007ffd628b0000 - 0x00007ffd6294d000 	C:\WINDOWS\System32\msvcrt.dll
0x00007ffd62950000 - 0x00007ffd629ab000 	C:\WINDOWS\System32\sechost.dll
0x00007ffd62790000 - 0x00007ffd628af000 	C:\WINDOWS\System32\RPCRT4.dll
0x00007ffd61c20000 - 0x00007ffd61daf000 	C:\WINDOWS\System32\USER32.dll
0x00007ffd5f010000 - 0x00007ffd5f030000 	C:\WINDOWS\System32\win32u.dll
0x00007ffd62a30000 - 0x00007ffd62a58000 	C:\WINDOWS\System32\GDI32.dll
0x00007ffd5f5c0000 - 0x00007ffd5f753000 	C:\WINDOWS\System32\gdi32full.dll
0x00007ffd60040000 - 0x00007ffd600db000 	C:\WINDOWS\System32\msvcp_win.dll
0x00007ffd5f4c0000 - 0x00007ffd5f5b6000 	C:\WINDOWS\System32\ucrtbase.dll
0x00007ffd54400000 - 0x00007ffd54669000 	C:\WINDOWS\WinSxS\amd64_microsoft.windows.common-controls_6595b64144ccf1df_6.0.16299.214_none_15cad1489362ef88\COMCTL32.dll
0x00007ffd60290000 - 0x00007ffd60598000 	C:\WINDOWS\System32\combase.dll
0x00007ffd5f810000 - 0x00007ffd5f882000 	C:\WINDOWS\System32\bcryptPrimitives.dll
0x00007ffd62a60000 - 0x00007ffd62a8d000 	C:\WINDOWS\System32\IMM32.DLL
0x0000000066310000 - 0x00000000663e2000 	C:\Program Files\Java\jdk1.8.0_151\jre\bin\msvcr100.dll
0x0000000066e50000 - 0x00000000676ed000 	C:\Program Files\Java\jdk1.8.0_151\jre\bin\server\jvm.dll
0x00007ffd62bd0000 - 0x00007ffd62bd8000 	C:\WINDOWS\System32\PSAPI.DLL
0x00007ffd597d0000 - 0x00007ffd597d9000 	C:\WINDOWS\SYSTEM32\WSOCK32.dll
0x00007ffd629c0000 - 0x00007ffd62a2c000 	C:\WINDOWS\System32\WS2_32.dll
0x00007ffd55540000 - 0x00007ffd55563000 	C:\WINDOWS\SYSTEM32\WINMM.dll
0x00007ffd53af0000 - 0x00007ffd53afa000 	C:\WINDOWS\SYSTEM32\VERSION.dll
0x00007ffd55510000 - 0x00007ffd5553a000 	C:\WINDOWS\SYSTEM32\WINMMBASE.dll
0x00007ffd5f200000 - 0x00007ffd5f24a000 	C:\WINDOWS\System32\cfgmgr32.dll
0x0000000066d60000 - 0x0000000066d6f000 	C:\Program Files\Java\jdk1.8.0_151\jre\bin\verify.dll
0x0000000066d30000 - 0x0000000066d59000 	C:\Program Files\Java\jdk1.8.0_151\jre\bin\java.dll
0x0000000066d10000 - 0x0000000066d26000 	C:\Program Files\Java\jdk1.8.0_151\jre\bin\zip.dll
0x00007ffd607e0000 - 0x00007ffd61c16000 	C:\WINDOWS\System32\SHELL32.dll
0x00007ffd61e60000 - 0x00007ffd61f06000 	C:\WINDOWS\System32\shcore.dll
0x00007ffd5f890000 - 0x00007ffd5ffd7000 	C:\WINDOWS\System32\windows.storage.dll
0x00007ffd62a90000 - 0x00007ffd62ae1000 	C:\WINDOWS\System32\shlwapi.dll
0x00007ffd5eff0000 - 0x00007ffd5f001000 	C:\WINDOWS\System32\kernel.appcore.dll
0x00007ffd5efa0000 - 0x00007ffd5efec000 	C:\WINDOWS\System32\powrprof.dll
0x00007ffd5ef60000 - 0x00007ffd5ef7b000 	C:\WINDOWS\System32\profapi.dll

VM Arguments:
jvm_args: -Djava.awt.headless=true -Xmx1024M -Dfile.encoding=windows-1252 -Duser.country=BR -Duser.language=pt -Duser.variant 
java_command: com.android.dx.command.Main --dex --force-jumbo --num-threads=4 --multi-dex --output C:\Users\evand\AndroidStudioProjects\MensagensToast\app\build\intermediates\transforms\dex\debug\folders\1000\10\com.android.support-support-v4-25.3.1_8ad73b6e45c14303a2e753f69b859232e0c7bd08 C:\Users\evand\AndroidStudioProjects\MensagensToast\app\build\intermediates\exploded-aar\com.android.support\support-v4\25.3.1\jars\classes.jar
java_class_path (initial): C:\Users\evand\AppData\Local\Android\sdk\build-tools\27.0.3\lib\dx.jar
Launcher Type: SUN_STANDARD

Environment Variables:
PATH=C:\ProgramData\Oracle\Java\javapath;C:\WINDOWS\system32;C:\WINDOWS;C:\WINDOWS\System32\Wbem;C:\WINDOWS\System32\WindowsPowerShell\v1.0\;C:\Program Files\MySQL\MySQL Utilities 1.6\;C:\Program Files\Git\cmd;C:\Program Files (x86)\NVIDIA Corporation\PhysX\Common;C:\Users\evand\AppData\Local\Microsoft\WindowsApps;
USERNAME=evand
OS=Windows_NT
PROCESSOR_IDENTIFIER=Intel64 Family 6 Model 61 Stepping 4, GenuineIntel



---------------  S Y S T E M  ---------------

OS: Windows 10.0 , 64 bit Build 16299 (10.0.16299.15)

CPU:total 4 (initial active 4) (2 cores per cpu, 2 threads per core) family 6 model 61 stepping 4, cmov, cx8, fxsr, mmx, sse, sse2, sse3, ssse3, sse4.1, sse4.2, popcnt, avx, avx2, aes, clmul, erms, 3dnowpref, lzcnt, ht, tsc, tscinvbit, bmi1, bmi2, adx

Memory: 4k page, physical 8298376k(1461768k free), swap 8298376k(4096k free)

vm_info: Java HotSpot(TM) 64-Bit Server VM (25.151-b12) for windows-amd64 JRE (1.8.0_151-b12), built on Sep  5 2017 19:33:46 by "java_re" with MS VC++ 10.0 (VS2010)

time: Wed Feb 07 14:13:24 2018
elapsed time: 1 seconds (0d 0h 0m 1s)

