#
# There is insufficient memory for the Java Runtime Environment to continue.
# Native memory allocation (malloc) failed to allocate 84256 bytes for Chunk::new
# Possible reasons:
#   The system is out of physical RAM or swap space
#   In 32 bit mode, the process size limit was hit
# Possible solutions:
#   Reduce memory load on the system
#   Increase physical memory or swap space
#   Check if swap backing store is full
#   Use 64 bit Java on a 64 bit OS
#   Decrease Java heap size (-Xmx/-Xms)
#   Decrease number of Java threads
#   Decrease Java thread stack sizes (-Xss)
#   Set larger code cache with -XX:ReservedCodeCacheSize=
# This output file may be truncated or incomplete.
#
#  Out of Memory Error (allocation.cpp:390), pid=12740, tid=0x0000000000002fd4
#
# JRE version: Java(TM) SE Runtime Environment (8.0_151-b12) (build 1.8.0_151-b12)
# Java VM: Java HotSpot(TM) 64-Bit Server VM (25.151-b12 mixed mode windows-amd64 compressed oops)
# Failed to write core dump. Minidumps are not enabled by default on client versions of Windows
#

---------------  T H R E A D  ---------------

Current thread (0x00000000179cc800):  JavaThread "C2 CompilerThread1" daemon [_thread_in_native, id=12244, stack(0x0000000019230000,0x0000000019330000)]

Stack: [0x0000000019230000,0x0000000019330000]
[error occurred during error reporting (printing stack bounds), id 0xc0000005]

Native frames: (J=compiled Java code, j=interpreted, Vv=VM code, C=native code)


Current CompileTask:
C2:    287  146 %     4       java.lang.String::replace @ 55 (127 bytes)


---------------  P R O C E S S  ---------------

Java Threads: ( => current thread )
  0x0000000019435000 JavaThread "Service Thread" daemon [_thread_blocked, id=7972, stack(0x0000000019830000,0x0000000019930000)]
  0x0000000017a2a800 JavaThread "C1 CompilerThread2" daemon [_thread_blocked, id=10312, stack(0x0000000019330000,0x0000000019430000)]
=>0x00000000179cc800 JavaThread "C2 CompilerThread1" daemon [_thread_in_native, id=12244, stack(0x0000000019230000,0x0000000019330000)]
  0x00000000179c9800 JavaThread "C2 CompilerThread0" daemon [_thread_in_native, id=1988, stack(0x0000000019130000,0x0000000019230000)]
  0x00000000179d6800 JavaThread "Attach Listener" daemon [_thread_blocked, id=7480, stack(0x0000000019030000,0x0000000019130000)]
  0x00000000179d5000 JavaThread "Signal Dispatcher" daemon [_thread_blocked, id=3796, stack(0x0000000018f30000,0x0000000019030000)]
  0x00000000052fa000 JavaThread "Finalizer" daemon [_thread_blocked, id=10056, stack(0x0000000018c30000,0x0000000018d30000)]
  0x00000000052f1000 JavaThread "Reference Handler" daemon [_thread_blocked, id=1520, stack(0x0000000018b30000,0x0000000018c30000)]
  0x0000000005200800 JavaThread "main" [_thread_in_Java, id=9936, stack(0x0000000005040000,0x0000000005140000)]

Other Threads:
  0x0000000017997800 VMThread [stack: 0x0000000018a30000,0x0000000018b30000] [id=12776]
  0x0000000019451000 WatcherThread [stack: 0x0000000019a80000,0x0000000019b80000] [id=9572]

VM state:not at safepoint (normal execution)

VM Mutex/Monitor currently owned by a thread: None

Heap:
 PSYoungGen      total 38400K, used 4695K [0x00000000eab00000, 0x00000000ed580000, 0x0000000100000000)
  eden space 33280K, 14% used [0x00000000eab00000,0x00000000eaf95ff0,0x00000000ecb80000)
  from space 5120K, 0% used [0x00000000ed080000,0x00000000ed080000,0x00000000ed580000)
  to   space 5120K, 0% used [0x00000000ecb80000,0x00000000ecb80000,0x00000000ed080000)
 ParOldGen       total 87552K, used 0K [0x00000000c0000000, 0x00000000c5580000, 0x00000000eab00000)
  object space 87552K, 0% used [0x00000000c0000000,0x00000000c0000000,0x00000000c5580000)
 Metaspace       used 3555K, capacity 4784K, committed 5120K, reserved 1056768K
  class space    used 391K, capacity 424K, committed 512K, reserved 1048576K

Card table byte_map: [0x00000000146c0000,0x00000000148d0000] byte_map_base: 0x00000000140c0000

Marking Bits: (ParMarkBitMap*) 0x000000006766d850
 Begin Bits: [0x0000000014e30000, 0x0000000015e30000)
 End Bits:   [0x0000000015e30000, 0x0000000016e30000)

Polling page: 0x0000000003310000

CodeCache: size=245760Kb used=1403Kb max_used=1403Kb free=244356Kb
 bounds [0x0000000005300000, 0x0000000005570000, 0x0000000014300000]
 total_blobs=394 nmethods=149 adapters=158
 compilation: enabled

Compilation events (10 events):
Event: 0.282 Thread 0x00000000179cc800  146 %     4       java.lang.String::replace @ 55 (127 bytes)
Event: 0.282 Thread 0x00000000179c9800 nmethod 145 0x000000000545c4d0 code [0x000000000545c600, 0x000000000545c698]
Event: 0.283 Thread 0x0000000017a2a800  147   !   3       java.util.regex.Pattern::matcher (44 bytes)
Event: 0.283 Thread 0x0000000017a2a800 nmethod 147 0x000000000545a7d0 code [0x000000000545a960, 0x000000000545adb8]
Event: 0.283 Thread 0x0000000017a2a800  148       3       java.util.regex.Matcher::quoteReplacement (82 bytes)
Event: 0.284 Thread 0x00000000179c9800  151       4       java.util.regex.Pattern$BnM::optimize (179 bytes)
Event: 0.285 Thread 0x0000000017a2a800 nmethod 148 0x0000000005458190 code [0x0000000005458440, 0x0000000005459b18]
Event: 0.285 Thread 0x0000000017a2a800  149       3       java.util.regex.Matcher::replaceAll (59 bytes)
Event: 0.286 Thread 0x0000000017a2a800 nmethod 149 0x000000000545c790 code [0x000000000545c9c0, 0x000000000545d7f8]
Event: 0.286 Thread 0x0000000017a2a800  150       3       com.android.dx.cf.direct.ClassPathOpener::compareClassNames (42 bytes)

GC Heap History (0 events):
No events

Deoptimization events (0 events):
No events

Internal exceptions (3 events):
Event: 0.042 Thread 0x0000000005200800 Exception <a 'java/lang/NoSuchMethodError': Method sun.misc.Unsafe.defineClass(Ljava/lang/String;[BII)Ljava/lang/Class; name or signature does not match> (0x00000000eab07ca8) thrown at [C:\re\workspace\8-2-build-windows-amd64-cygwin\jdk8u151\9699\hotspot\
Event: 0.042 Thread 0x0000000005200800 Exception <a 'java/lang/NoSuchMethodError': Method sun.misc.Unsafe.prefetchRead(Ljava/lang/Object;J)V name or signature does not match> (0x00000000eab07f90) thrown at [C:\re\workspace\8-2-build-windows-amd64-cygwin\jdk8u151\9699\hotspot\src\share\vm\prims
Event: 0.108 Thread 0x0000000005200800 Exception <a 'java/io/FileNotFoundException'> (0x00000000eab597d8) thrown at [C:\re\workspace\8-2-build-windows-amd64-cygwin\jdk8u151\9699\hotspot\src\share\vm\prims\jni.cpp, line 709]

Events (10 events):
Event: 0.225 loading class com/android/dx/command/dexer/Main$FileBytesConsumer
Event: 0.225 loading class com/android/dx/command/dexer/Main$FileBytesConsumer done
Event: 0.226 loading class java/util/zip/ZipFile$ZipEntryIterator
Event: 0.226 loading class java/util/zip/ZipFile$ZipEntryIterator done
Event: 0.267 loading class com/android/dx/cf/direct/ClassPathOpener$3
Event: 0.267 loading class com/android/dx/cf/direct/ClassPathOpener$3 done
Event: 0.268 loading class java/util/TimSort
Event: 0.268 loading class java/util/TimSort done
Event: 0.268 loading class java/util/regex/Pattern$SliceS
Event: 0.268 loading class java/util/regex/Pattern$SliceS done


Dynamic libraries:
0x00007ff707d90000 - 0x00007ff707dc7000 	C:\Program Files\Java\jdk1.8.0_151\bin\java.exe
0x00007ffd62c10000 - 0x00007ffd62df0000 	C:\WINDOWS\SYSTEM32\ntdll.dll
0x00007ffd62020000 - 0x00007ffd620ce000 	C:\WINDOWS\System32\KERNEL32.DLL
0x00007ffd5f250000 - 0x00007ffd5f4b6000 	C:\WINDOWS\System32\KERNELBASE.dll
0x00007ffd61db0000 - 0x00007ffd61e51000 	C:\WINDOWS\System32\ADVAPI32.dll
0x00007ffd628b0000 - 0x00007ffd6294d000 	C:\WINDOWS\System32\msvcrt.dll
0x00007ffd62950000 - 0x00007ffd629ab000 	C:\WINDOWS\System32\sechost.dll
0x00007ffd62790000 - 0x00007ffd628af000 	C:\WINDOWS\System32\RPCRT4.dll
0x00007ffd61c20000 - 0x00007ffd61daf000 	C:\WINDOWS\System32\USER32.dll
0x00007ffd5f010000 - 0x00007ffd5f030000 	C:\WINDOWS\System32\win32u.dll
0x00007ffd62a30000 - 0x00007ffd62a58000 	C:\WINDOWS\System32\GDI32.dll
0x00007ffd5f5c0000 - 0x00007ffd5f753000 	C:\WINDOWS\System32\gdi32full.dll
0x00007ffd60040000 - 0x00007ffd600db000 	C:\WINDOWS\System32\msvcp_win.dll
0x00007ffd5f4c0000 - 0x00007ffd5f5b6000 	C:\WINDOWS\System32\ucrtbase.dll
0x00007ffd54400000 - 0x00007ffd54669000 	C:\WINDOWS\WinSxS\amd64_microsoft.windows.common-controls_6595b64144ccf1df_6.0.16299.214_none_15cad1489362ef88\COMCTL32.dll
0x00007ffd60290000 - 0x00007ffd60598000 	C:\WINDOWS\System32\combase.dll
0x00007ffd5f810000 - 0x00007ffd5f882000 	C:\WINDOWS\System32\bcryptPrimitives.dll
0x00007ffd62a60000 - 0x00007ffd62a8d000 	C:\WINDOWS\System32\IMM32.DLL
0x0000000066310000 - 0x00000000663e2000 	C:\Program Files\Java\jdk1.8.0_151\jre\bin\msvcr100.dll
0x0000000066e50000 - 0x00000000676ed000 	C:\Program Files\Java\jdk1.8.0_151\jre\bin\server\jvm.dll
0x00007ffd62bd0000 - 0x00007ffd62bd8000 	C:\WINDOWS\System32\PSAPI.DLL
0x00007ffd597d0000 - 0x00007ffd597d9000 	C:\WINDOWS\SYSTEM32\WSOCK32.dll
0x00007ffd55540000 - 0x00007ffd55563000 	C:\WINDOWS\SYSTEM32\WINMM.dll
0x00007ffd629c0000 - 0x00007ffd62a2c000 	C:\WINDOWS\System32\WS2_32.dll
0x00007ffd53af0000 - 0x00007ffd53afa000 	C:\WINDOWS\SYSTEM32\VERSION.dll
0x00007ffd55510000 - 0x00007ffd5553a000 	C:\WINDOWS\SYSTEM32\WINMMBASE.dll
0x00007ffd5f200000 - 0x00007ffd5f24a000 	C:\WINDOWS\System32\cfgmgr32.dll
0x0000000066d60000 - 0x0000000066d6f000 	C:\Program Files\Java\jdk1.8.0_151\jre\bin\verify.dll
0x0000000066d30000 - 0x0000000066d59000 	C:\Program Files\Java\jdk1.8.0_151\jre\bin\java.dll
0x0000000066d10000 - 0x0000000066d26000 	C:\Program Files\Java\jdk1.8.0_151\jre\bin\zip.dll
0x00007ffd607e0000 - 0x00007ffd61c16000 	C:\WINDOWS\System32\SHELL32.dll
0x00007ffd61e60000 - 0x00007ffd61f06000 	C:\WINDOWS\System32\shcore.dll
0x00007ffd5f890000 - 0x00007ffd5ffd7000 	C:\WINDOWS\System32\windows.storage.dll
0x00007ffd62a90000 - 0x00007ffd62ae1000 	C:\WINDOWS\System32\shlwapi.dll
0x00007ffd5eff0000 - 0x00007ffd5f001000 	C:\WINDOWS\System32\kernel.appcore.dll
0x00007ffd5efa0000 - 0x00007ffd5efec000 	C:\WINDOWS\System32\powrprof.dll
0x00007ffd5ef60000 - 0x00007ffd5ef7b000 	C:\WINDOWS\System32\profapi.dll

VM Arguments:
jvm_args: -Djava.awt.headless=true -Xmx1024M -Dfile.encoding=windows-1252 -Duser.country=BR -Duser.language=pt -Duser.variant 
java_command: com.android.dx.command.Main --dex --force-jumbo --num-threads=4 --multi-dex --output C:\Users\evand\AndroidStudioProjects\MensagensToast\app\build\intermediates\transforms\dex\debug\folders\1000\10\com.google.android.gms-play-services-basement-8.1.0_634e28ca032fb34e679efaf2c29e8644ee9459dd C:\Users\evand\AndroidStudioProjects\MensagensToast\app\build\intermediates\exploded-aar\com.google.android.gms\play-services-basement\8.1.0\jars\classes.jar
java_class_path (initial): C:\Users\evand\AppData\Local\Android\sdk\build-tools\27.0.3\lib\dx.jar
Launcher Type: SUN_STANDARD

Environment Variables:
PATH=C:\ProgramData\Oracle\Java\javapath;C:\WINDOWS\system32;C:\WINDOWS;C:\WINDOWS\System32\Wbem;C:\WINDOWS\System32\WindowsPowerShell\v1.0\;C:\Program Files\MySQL\MySQL Utilities 1.6\;C:\Program Files\Git\cmd;C:\Program Files (x86)\NVIDIA Corporation\PhysX\Common;C:\Users\evand\AppData\Local\Microsoft\WindowsApps;
USERNAME=evand
OS=Windows_NT
PROCESSOR_IDENTIFIER=Intel64 Family 6 Model 61 Stepping 4, GenuineIntel



---------------  S Y S T E M  ---------------

OS: Windows 10.0 , 64 bit Build 16299 (10.0.16299.15)

CPU:total 4 (initial active 4) (2 cores per cpu, 2 threads per core) family 6 model 61 stepping 4, cmov, cx8, fxsr, mmx, sse, sse2, sse3, ssse3, sse4.1, sse4.2, popcnt, avx, avx2, aes, clmul, erms, 3dnowpref, lzcnt, ht, tsc, tscinvbit, bmi1, bmi2, adx

Memory: 4k page, physical 8298376k(2365884k free), swap 8298376k(4132k free)

vm_info: Java HotSpot(TM) 64-Bit Server VM (25.151-b12) for windows-amd64 JRE (1.8.0_151-b12), built on Sep  5 2017 19:33:46 by "java_re" with MS VC++ 10.0 (VS2010)

time: Wed Feb 07 14:19:18 2018
elapsed time: 0 seconds (0d 0h 0m 0s)

