#
# There is insufficient memory for the Java Runtime Environment to continue.
# Native memory allocation (malloc) failed to allocate 1457296 bytes for Chunk::new
# Possible reasons:
#   The system is out of physical RAM or swap space
#   In 32 bit mode, the process size limit was hit
# Possible solutions:
#   Reduce memory load on the system
#   Increase physical memory or swap space
#   Check if swap backing store is full
#   Use 64 bit Java on a 64 bit OS
#   Decrease Java heap size (-Xmx/-Xms)
#   Decrease number of Java threads
#   Decrease Java thread stack sizes (-Xss)
#   Set larger code cache with -XX:ReservedCodeCacheSize=
# This output file may be truncated or incomplete.
#
#  Out of Memory Error (allocation.cpp:390), pid=4640, tid=0x0000000000001ac0
#
# JRE version: Java(TM) SE Runtime Environment (8.0_151-b12) (build 1.8.0_151-b12)
# Java VM: Java HotSpot(TM) 64-Bit Server VM (25.151-b12 mixed mode windows-amd64 compressed oops)
# Failed to write core dump. Minidumps are not enabled by default on client versions of Windows
#

---------------  T H R E A D  ---------------

Current thread (0x0000000016a6c800):  JavaThread "C2 CompilerThread0" daemon [_thread_in_native, id=6848, stack(0x00000000181c0000,0x00000000182c0000)]

Stack: [0x00000000181c0000,0x00000000182c0000]
[error occurred during error reporting (printing stack bounds), id 0xc0000005]

Native frames: (J=compiled Java code, j=interpreted, Vv=VM code, C=native code)


Current CompileTask:
C2:   4895 2040   !   4       com.android.dx.cf.code.BytecodeArray::parseInstruction (2796 bytes)


---------------  P R O C E S S  ---------------

Java Threads: ( => current thread )
  0x0000000018846800 JavaThread "pool-1-thread-1" [_thread_in_Java, id=10884, stack(0x000000001b8b0000,0x000000001b9b0000)]
  0x0000000016acd000 JavaThread "Service Thread" daemon [_thread_blocked, id=224, stack(0x00000000188c0000,0x00000000189c0000)]
  0x0000000016aca800 JavaThread "C1 CompilerThread2" daemon [_thread_blocked, id=5228, stack(0x00000000183c0000,0x00000000184c0000)]
  0x0000000016abe000 JavaThread "C2 CompilerThread1" daemon [_thread_in_native, id=10572, stack(0x00000000182c0000,0x00000000183c0000)]
=>0x0000000016a6c800 JavaThread "C2 CompilerThread0" daemon [_thread_in_native, id=6848, stack(0x00000000181c0000,0x00000000182c0000)]
  0x0000000016a6a800 JavaThread "Attach Listener" daemon [_thread_blocked, id=1340, stack(0x00000000180c0000,0x00000000181c0000)]
  0x0000000016a69800 JavaThread "Signal Dispatcher" daemon [_thread_blocked, id=3800, stack(0x0000000017fc0000,0x00000000180c0000)]
  0x0000000004394800 JavaThread "Finalizer" daemon [_thread_blocked, id=8768, stack(0x0000000017cc0000,0x0000000017dc0000)]
  0x0000000004391000 JavaThread "Reference Handler" daemon [_thread_blocked, id=7832, stack(0x0000000017bc0000,0x0000000017cc0000)]
  0x00000000042a0800 JavaThread "main" [_thread_blocked, id=12132, stack(0x00000000041a0000,0x00000000042a0000)]

Other Threads:
  0x0000000016a37000 VMThread [stack: 0x0000000017ac0000,0x0000000017bc0000] [id=8128]
  0x00000000184c3800 WatcherThread [stack: 0x0000000018b10000,0x0000000018c10000] [id=7408]

VM state:not at safepoint (normal execution)

VM Mutex/Monitor currently owned by a thread: None

Heap:
 PSYoungGen      total 71680K, used 28285K [0x00000000eab00000, 0x00000000ef600000, 0x0000000100000000)
  eden space 66560K, 34% used [0x00000000eab00000,0x00000000ec19f798,0x00000000eec00000)
  from space 5120K, 99% used [0x00000000ef100000,0x00000000ef5ffda8,0x00000000ef600000)
  to   space 5120K, 0% used [0x00000000eec00000,0x00000000eec00000,0x00000000ef100000)
 ParOldGen       total 87552K, used 34267K [0x00000000c0000000, 0x00000000c5580000, 0x00000000eab00000)
  object space 87552K, 39% used [0x00000000c0000000,0x00000000c2176df8,0x00000000c5580000)
 Metaspace       used 6599K, capacity 7384K, committed 7680K, reserved 1056768K
  class space    used 621K, capacity 656K, committed 768K, reserved 1048576K

Card table byte_map: [0x0000000013760000,0x0000000013970000] byte_map_base: 0x0000000013160000

Marking Bits: (ParMarkBitMap*) 0x000000006766d850
 Begin Bits: [0x0000000013ed0000, 0x0000000014ed0000)
 End Bits:   [0x0000000014ed0000, 0x0000000015ed0000)

Polling page: 0x0000000002560000

CodeCache: size=245760Kb used=8626Kb max_used=8638Kb free=237133Kb
 bounds [0x00000000043a0000, 0x0000000004c20000, 0x00000000133a0000]
 total_blobs=2350 nmethods=2084 adapters=178
 compilation: enabled

Compilation events (10 events):
Event: 4.797 Thread 0x0000000016aca800 2143       3       com.android.dx.dex.code.OutputFinisher::addConstants (134 bytes)
Event: 4.798 Thread 0x0000000016aca800 nmethod 2143 0x0000000004c0ff10 code [0x0000000004c101a0, 0x0000000004c11698]
Event: 4.799 Thread 0x0000000016abe000 nmethod 2126 0x0000000004c11d50 code [0x0000000004c12040, 0x0000000004c13af8]
Event: 4.799 Thread 0x0000000016abe000 2141       4       java.util.HashMap::putVal (300 bytes)
Event: 4.817 Thread 0x0000000016abe000 nmethod 2141 0x0000000004c0bc90 code [0x0000000004c0be40, 0x0000000004c0c590]
Event: 4.817 Thread 0x0000000016abe000 2138       4       java.util.HashMap::put (13 bytes)
Event: 4.820 Thread 0x0000000016aca800 2145       3       com.android.dx.dex.code.OutputFinisher::addConstants (82 bytes)
Event: 4.821 Thread 0x0000000016aca800 nmethod 2145 0x0000000004c0e2d0 code [0x0000000004c0e560, 0x0000000004c0f768]
Event: 4.830 Thread 0x0000000016abe000 nmethod 2138 0x0000000004c057d0 code [0x0000000004c05980, 0x0000000004c06190]
Event: 4.830 Thread 0x0000000016abe000 2146       4       com.android.dx.dex.code.OutputFinisher::addConstants (134 bytes)

GC Heap History (10 events):
Event: 2.296 GC heap before
{Heap before GC invocations=2 (full 0):
 PSYoungGen      total 38400K, used 38396K [0x00000000eab00000, 0x00000000ed580000, 0x0000000100000000)
  eden space 33280K, 100% used [0x00000000eab00000,0x00000000ecb80000,0x00000000ecb80000)
  from space 5120K, 99% used [0x00000000ecb80000,0x00000000ed07f2c0,0x00000000ed080000)
  to   space 5120K, 0% used [0x00000000ed080000,0x00000000ed080000,0x00000000ed580000)
 ParOldGen       total 87552K, used 140K [0x00000000c0000000, 0x00000000c5580000, 0x00000000eab00000)
  object space 87552K, 0% used [0x00000000c0000000,0x00000000c0023270,0x00000000c5580000)
 Metaspace       used 6274K, capacity 7156K, committed 7296K, reserved 1056768K
  class space    used 613K, capacity 620K, committed 640K, reserved 1048576K
Event: 2.309 GC heap after
Heap after GC invocations=2 (full 0):
 PSYoungGen      total 38400K, used 5095K [0x00000000eab00000, 0x00000000ef600000, 0x0000000100000000)
  eden space 33280K, 0% used [0x00000000eab00000,0x00000000eab00000,0x00000000ecb80000)
  from space 5120K, 99% used [0x00000000ed080000,0x00000000ed579cb8,0x00000000ed580000)
  to   space 5120K, 0% used [0x00000000ecb80000,0x00000000ecb80000,0x00000000ed080000)
 ParOldGen       total 87552K, used 3515K [0x00000000c0000000, 0x00000000c5580000, 0x00000000eab00000)
  object space 87552K, 4% used [0x00000000c0000000,0x00000000c036ed40,0x00000000c5580000)
 Metaspace       used 6274K, capacity 7156K, committed 7296K, reserved 1056768K
  class space    used 613K, capacity 620K, committed 640K, reserved 1048576K
}
Event: 2.621 GC heap before
{Heap before GC invocations=3 (full 0):
 PSYoungGen      total 38400K, used 38375K [0x00000000eab00000, 0x00000000ef600000, 0x0000000100000000)
  eden space 33280K, 100% used [0x00000000eab00000,0x00000000ecb80000,0x00000000ecb80000)
  from space 5120K, 99% used [0x00000000ed080000,0x00000000ed579cb8,0x00000000ed580000)
  to   space 5120K, 0% used [0x00000000ecb80000,0x00000000ecb80000,0x00000000ed080000)
 ParOldGen       total 87552K, used 3515K [0x00000000c0000000, 0x00000000c5580000, 0x00000000eab00000)
  object space 87552K, 4% used [0x00000000c0000000,0x00000000c036ed40,0x00000000c5580000)
 Metaspace       used 6359K, capacity 7220K, committed 7296K, reserved 1056768K
  class space    used 613K, capacity 620K, committed 640K, reserved 1048576K
Event: 2.639 GC heap after
Heap after GC invocations=3 (full 0):
 PSYoungGen      total 38400K, used 5104K [0x00000000eab00000, 0x00000000ef600000, 0x0000000100000000)
  eden space 33280K, 0% used [0x00000000eab00000,0x00000000eab00000,0x00000000ecb80000)
  from space 5120K, 99% used [0x00000000ecb80000,0x00000000ed07c038,0x00000000ed080000)
  to   space 5120K, 0% used [0x00000000ef100000,0x00000000ef100000,0x00000000ef600000)
 ParOldGen       total 87552K, used 8238K [0x00000000c0000000, 0x00000000c5580000, 0x00000000eab00000)
  object space 87552K, 9% used [0x00000000c0000000,0x00000000c080bbf8,0x00000000c5580000)
 Metaspace       used 6359K, capacity 7220K, committed 7296K, reserved 1056768K
  class space    used 613K, capacity 620K, committed 640K, reserved 1048576K
}
Event: 2.949 GC heap before
{Heap before GC invocations=4 (full 0):
 PSYoungGen      total 38400K, used 38384K [0x00000000eab00000, 0x00000000ef600000, 0x0000000100000000)
  eden space 33280K, 100% used [0x00000000eab00000,0x00000000ecb80000,0x00000000ecb80000)
  from space 5120K, 99% used [0x00000000ecb80000,0x00000000ed07c038,0x00000000ed080000)
  to   space 5120K, 0% used [0x00000000ef100000,0x00000000ef100000,0x00000000ef600000)
 ParOldGen       total 87552K, used 8238K [0x00000000c0000000, 0x00000000c5580000, 0x00000000eab00000)
  object space 87552K, 9% used [0x00000000c0000000,0x00000000c080bbf8,0x00000000c5580000)
 Metaspace       used 6431K, capacity 7284K, committed 7552K, reserved 1056768K
  class space    used 613K, capacity 620K, committed 640K, reserved 1048576K
Event: 2.969 GC heap after
Heap after GC invocations=4 (full 0):
 PSYoungGen      total 71680K, used 5088K [0x00000000eab00000, 0x00000000ef600000, 0x0000000100000000)
  eden space 66560K, 0% used [0x00000000eab00000,0x00000000eab00000,0x00000000eec00000)
  from space 5120K, 99% used [0x00000000ef100000,0x00000000ef5f8010,0x00000000ef600000)
  to   space 5120K, 0% used [0x00000000eec00000,0x00000000eec00000,0x00000000ef100000)
 ParOldGen       total 87552K, used 13957K [0x00000000c0000000, 0x00000000c5580000, 0x00000000eab00000)
  object space 87552K, 15% used [0x00000000c0000000,0x00000000c0da1758,0x00000000c5580000)
 Metaspace       used 6431K, capacity 7284K, committed 7552K, reserved 1056768K
  class space    used 613K, capacity 620K, committed 640K, reserved 1048576K
}
Event: 3.428 GC heap before
{Heap before GC invocations=5 (full 0):
 PSYoungGen      total 71680K, used 71648K [0x00000000eab00000, 0x00000000ef600000, 0x0000000100000000)
  eden space 66560K, 100% used [0x00000000eab00000,0x00000000eec00000,0x00000000eec00000)
  from space 5120K, 99% used [0x00000000ef100000,0x00000000ef5f8010,0x00000000ef600000)
  to   space 5120K, 0% used [0x00000000eec00000,0x00000000eec00000,0x00000000ef100000)
 ParOldGen       total 87552K, used 13957K [0x00000000c0000000, 0x00000000c5580000, 0x00000000eab00000)
  object space 87552K, 15% used [0x00000000c0000000,0x00000000c0da1758,0x00000000c5580000)
 Metaspace       used 6490K, capacity 7284K, committed 7552K, reserved 1056768K
  class space    used 613K, capacity 620K, committed 640K, reserved 1048576K
Event: 3.483 GC heap after
Heap after GC invocations=5 (full 0):
 PSYoungGen      total 71680K, used 5100K [0x00000000eab00000, 0x00000000ef600000, 0x0000000100000000)
  eden space 66560K, 0% used [0x00000000eab00000,0x00000000eab00000,0x00000000eec00000)
  from space 5120K, 99% used [0x00000000eec00000,0x00000000ef0fb1d0,0x00000000ef100000)
  to   space 5120K, 0% used [0x00000000ef100000,0x00000000ef100000,0x00000000ef600000)
 ParOldGen       total 87552K, used 24408K [0x00000000c0000000, 0x00000000c5580000, 0x00000000eab00000)
  object space 87552K, 27% used [0x00000000c0000000,0x00000000c17d6028,0x00000000c5580000)
 Metaspace       used 6490K, capacity 7284K, committed 7552K, reserved 1056768K
  class space    used 613K, capacity 620K, committed 640K, reserved 1048576K
}
Event: 4.021 GC heap before
{Heap before GC invocations=6 (full 0):
 PSYoungGen      total 71680K, used 71660K [0x00000000eab00000, 0x00000000ef600000, 0x0000000100000000)
  eden space 66560K, 100% used [0x00000000eab00000,0x00000000eec00000,0x00000000eec00000)
  from space 5120K, 99% used [0x00000000eec00000,0x00000000ef0fb1d0,0x00000000ef100000)
  to   space 5120K, 0% used [0x00000000ef100000,0x00000000ef100000,0x00000000ef600000)
 ParOldGen       total 87552K, used 24408K [0x00000000c0000000, 0x00000000c5580000, 0x00000000eab00000)
  object space 87552K, 27% used [0x00000000c0000000,0x00000000c17d6028,0x00000000c5580000)
 Metaspace       used 6500K, capacity 7284K, committed 7552K, reserved 1056768K
  class space    used 613K, capacity 620K, committed 640K, reserved 1048576K
Event: 4.067 GC heap after
Heap after GC invocations=6 (full 0):
 PSYoungGen      total 71680K, used 5119K [0x00000000eab00000, 0x00000000ef600000, 0x0000000100000000)
  eden space 66560K, 0% used [0x00000000eab00000,0x00000000eab00000,0x00000000eec00000)
  from space 5120K, 99% used [0x00000000ef100000,0x00000000ef5ffda8,0x00000000ef600000)
  to   space 5120K, 0% used [0x00000000eec00000,0x00000000eec00000,0x00000000ef100000)
 ParOldGen       total 87552K, used 34267K [0x00000000c0000000, 0x00000000c5580000, 0x00000000eab00000)
  object space 87552K, 39% used [0x00000000c0000000,0x00000000c2176df8,0x00000000c5580000)
 Metaspace       used 6500K, capacity 7284K, committed 7552K, reserved 1056768K
  class space    used 613K, capacity 620K, committed 640K, reserved 1048576K
}

Deoptimization events (10 events):
Event: 4.586 Thread 0x0000000018846800 Uncommon trap: reason=class_check action=maybe_recompile pc=0x000000000494f684 method=java.util.HashMap.putVal(ILjava/lang/Object;Ljava/lang/Object;ZZ)Ljava/lang/Object; @ 203
Event: 4.587 Thread 0x0000000018846800 Uncommon trap: reason=class_check action=maybe_recompile pc=0x000000000494f684 method=java.util.HashMap.putVal(ILjava/lang/Object;Ljava/lang/Object;ZZ)Ljava/lang/Object; @ 203
Event: 4.587 Thread 0x0000000018846800 Uncommon trap: reason=class_check action=maybe_recompile pc=0x000000000494f684 method=java.util.HashMap.putVal(ILjava/lang/Object;Ljava/lang/Object;ZZ)Ljava/lang/Object; @ 203
Event: 4.680 Thread 0x0000000018846800 Uncommon trap: reason=bimorphic action=maybe_recompile pc=0x0000000004bf5938 method=java.util.HashMap.putVal(ILjava/lang/Object;Ljava/lang/Object;ZZ)Ljava/lang/Object; @ 203
Event: 4.686 Thread 0x0000000018846800 Uncommon trap: reason=bimorphic action=maybe_recompile pc=0x0000000004bf5938 method=java.util.HashMap.putVal(ILjava/lang/Object;Ljava/lang/Object;ZZ)Ljava/lang/Object; @ 203
Event: 4.688 Thread 0x0000000018846800 Uncommon trap: reason=bimorphic action=maybe_recompile pc=0x0000000004bf5938 method=java.util.HashMap.putVal(ILjava/lang/Object;Ljava/lang/Object;ZZ)Ljava/lang/Object; @ 203
Event: 4.688 Thread 0x0000000018846800 Uncommon trap: reason=bimorphic action=maybe_recompile pc=0x0000000004bf5938 method=java.util.HashMap.putVal(ILjava/lang/Object;Ljava/lang/Object;ZZ)Ljava/lang/Object; @ 203
Event: 4.729 Thread 0x0000000018846800 Uncommon trap: reason=unstable_if action=reinterpret pc=0x0000000004c0afec method=java.util.HashMap.putVal(ILjava/lang/Object;Ljava/lang/Object;ZZ)Ljava/lang/Object; @ 94
Event: 4.796 Thread 0x0000000018846800 Uncommon trap: reason=unstable_if action=reinterpret pc=0x0000000004c094f4 method=com.android.dx.dex.code.OutputFinisher.addConstants(Ljava/util/HashSet;Lcom/android/dx/rop/code/RegisterSpec;)V @ 32
Event: 4.819 Thread 0x0000000018846800 Uncommon trap: reason=unstable_if action=reinterpret pc=0x0000000004c136e4 method=java.util.HashMap.putVal(ILjava/lang/Object;Ljava/lang/Object;ZZ)Ljava/lang/Object; @ 94

Internal exceptions (4 events):
Event: 0.097 Thread 0x00000000042a0800 Exception <a 'java/lang/NoSuchMethodError': Method sun.misc.Unsafe.defineClass(Ljava/lang/String;[BII)Ljava/lang/Class; name or signature does not match> (0x00000000eab07ca8) thrown at [C:\re\workspace\8-2-build-windows-amd64-cygwin\jdk8u151\9699\hotspot\
Event: 0.097 Thread 0x00000000042a0800 Exception <a 'java/lang/NoSuchMethodError': Method sun.misc.Unsafe.prefetchRead(Ljava/lang/Object;J)V name or signature does not match> (0x00000000eab07f90) thrown at [C:\re\workspace\8-2-build-windows-amd64-cygwin\jdk8u151\9699\hotspot\src\share\vm\prims
Event: 0.624 Thread 0x00000000042a0800 Exception <a 'java/io/FileNotFoundException'> (0x00000000eab59760) thrown at [C:\re\workspace\8-2-build-windows-amd64-cygwin\jdk8u151\9699\hotspot\src\share\vm\prims\jni.cpp, line 709]
Event: 2.652 Thread 0x0000000018835000 Implicit null exception at 0x00000000048af862 to 0x00000000048af95a

Events (10 events):
Event: 4.729 Thread 0x0000000018846800 DEOPT PACKING pc=0x0000000004c0afec sp=0x000000001b9aee10
Event: 4.729 Thread 0x0000000018846800 DEOPT UNPACKING pc=0x00000000043e582a sp=0x000000001b9aed38 mode 2
Event: 4.796 Thread 0x0000000018846800 Uncommon trap: trap_request=0xffffff65 fr.pc=0x0000000004c094f4
Event: 4.796 Thread 0x0000000018846800 DEOPT PACKING pc=0x0000000004c094f4 sp=0x000000001b9aee90
Event: 4.796 Thread 0x0000000018846800 DEOPT UNPACKING pc=0x00000000043e582a sp=0x000000001b9aedc8 mode 2
Event: 4.819 Thread 0x0000000018846800 Uncommon trap: trap_request=0xffffff65 fr.pc=0x0000000004c136e4
Event: 4.819 Thread 0x0000000018846800 DEOPT PACKING pc=0x0000000004c136e4 sp=0x000000001b9aee00
Event: 4.819 Thread 0x0000000018846800 DEOPT UNPACKING pc=0x00000000043e582a sp=0x000000001b9aec38 mode 2
Event: 4.822 Executing VM operation: EnableBiasedLocking
Event: 4.823 Executing VM operation: EnableBiasedLocking done


Dynamic libraries:
0x00007ff707d90000 - 0x00007ff707dc7000 	C:\Program Files\Java\jdk1.8.0_151\bin\java.exe
0x00007ffd62c10000 - 0x00007ffd62df0000 	C:\WINDOWS\SYSTEM32\ntdll.dll
0x00007ffd62020000 - 0x00007ffd620ce000 	C:\WINDOWS\System32\KERNEL32.DLL
0x00007ffd5f250000 - 0x00007ffd5f4b6000 	C:\WINDOWS\System32\KERNELBASE.dll
0x00007ffd61db0000 - 0x00007ffd61e51000 	C:\WINDOWS\System32\ADVAPI32.dll
0x00007ffd628b0000 - 0x00007ffd6294d000 	C:\WINDOWS\System32\msvcrt.dll
0x00007ffd62950000 - 0x00007ffd629ab000 	C:\WINDOWS\System32\sechost.dll
0x00007ffd62790000 - 0x00007ffd628af000 	C:\WINDOWS\System32\RPCRT4.dll
0x00007ffd61c20000 - 0x00007ffd61daf000 	C:\WINDOWS\System32\USER32.dll
0x00007ffd5f010000 - 0x00007ffd5f030000 	C:\WINDOWS\System32\win32u.dll
0x00007ffd62a30000 - 0x00007ffd62a58000 	C:\WINDOWS\System32\GDI32.dll
0x00007ffd5f5c0000 - 0x00007ffd5f753000 	C:\WINDOWS\System32\gdi32full.dll
0x00007ffd60040000 - 0x00007ffd600db000 	C:\WINDOWS\System32\msvcp_win.dll
0x00007ffd5f4c0000 - 0x00007ffd5f5b6000 	C:\WINDOWS\System32\ucrtbase.dll
0x00007ffd54400000 - 0x00007ffd54669000 	C:\WINDOWS\WinSxS\amd64_microsoft.windows.common-controls_6595b64144ccf1df_6.0.16299.214_none_15cad1489362ef88\COMCTL32.dll
0x00007ffd60290000 - 0x00007ffd60598000 	C:\WINDOWS\System32\combase.dll
0x00007ffd5f810000 - 0x00007ffd5f882000 	C:\WINDOWS\System32\bcryptPrimitives.dll
0x00007ffd62a60000 - 0x00007ffd62a8d000 	C:\WINDOWS\System32\IMM32.DLL
0x0000000066310000 - 0x00000000663e2000 	C:\Program Files\Java\jdk1.8.0_151\jre\bin\msvcr100.dll
0x0000000066e50000 - 0x00000000676ed000 	C:\Program Files\Java\jdk1.8.0_151\jre\bin\server\jvm.dll
0x00007ffd62bd0000 - 0x00007ffd62bd8000 	C:\WINDOWS\System32\PSAPI.DLL
0x00007ffd597d0000 - 0x00007ffd597d9000 	C:\WINDOWS\SYSTEM32\WSOCK32.dll
0x00007ffd629c0000 - 0x00007ffd62a2c000 	C:\WINDOWS\System32\WS2_32.dll
0x00007ffd55540000 - 0x00007ffd55563000 	C:\WINDOWS\SYSTEM32\WINMM.dll
0x00007ffd53af0000 - 0x00007ffd53afa000 	C:\WINDOWS\SYSTEM32\VERSION.dll
0x00007ffd55510000 - 0x00007ffd5553a000 	C:\WINDOWS\SYSTEM32\WINMMBASE.dll
0x00007ffd5f200000 - 0x00007ffd5f24a000 	C:\WINDOWS\System32\cfgmgr32.dll
0x0000000066d60000 - 0x0000000066d6f000 	C:\Program Files\Java\jdk1.8.0_151\jre\bin\verify.dll
0x0000000066d30000 - 0x0000000066d59000 	C:\Program Files\Java\jdk1.8.0_151\jre\bin\java.dll
0x0000000066d10000 - 0x0000000066d26000 	C:\Program Files\Java\jdk1.8.0_151\jre\bin\zip.dll
0x00007ffd607e0000 - 0x00007ffd61c16000 	C:\WINDOWS\System32\SHELL32.dll
0x00007ffd61e60000 - 0x00007ffd61f06000 	C:\WINDOWS\System32\shcore.dll
0x00007ffd5f890000 - 0x00007ffd5ffd7000 	C:\WINDOWS\System32\windows.storage.dll
0x00007ffd62a90000 - 0x00007ffd62ae1000 	C:\WINDOWS\System32\shlwapi.dll
0x00007ffd5eff0000 - 0x00007ffd5f001000 	C:\WINDOWS\System32\kernel.appcore.dll
0x00007ffd5efa0000 - 0x00007ffd5efec000 	C:\WINDOWS\System32\powrprof.dll
0x00007ffd5ef60000 - 0x00007ffd5ef7b000 	C:\WINDOWS\System32\profapi.dll

VM Arguments:
jvm_args: -Djava.awt.headless=true -Xmx1024M -Dfile.encoding=windows-1252 -Duser.country=BR -Duser.language=pt -Duser.variant 
java_command: com.android.dx.command.Main --dex --force-jumbo --num-threads=4 --multi-dex --output C:\Users\evand\AndroidStudioProjects\MensagensToast\app\build\intermediates\transforms\dex\debug\folders\1000\10\com.android.support-support-compat-25.3.1_8730e5cf8bce732b35498a0f56c221c703f336bb C:\Users\evand\AndroidStudioProjects\MensagensToast\app\build\intermediates\exploded-aar\com.android.support\support-compat\25.3.1\jars\classes.jar
java_class_path (initial): C:\Users\evand\AppData\Local\Android\sdk\build-tools\27.0.3\lib\dx.jar
Launcher Type: SUN_STANDARD

Environment Variables:
PATH=C:\ProgramData\Oracle\Java\javapath;C:\WINDOWS\system32;C:\WINDOWS;C:\WINDOWS\System32\Wbem;C:\WINDOWS\System32\WindowsPowerShell\v1.0\;C:\Program Files\MySQL\MySQL Utilities 1.6\;C:\Program Files\Git\cmd;C:\Program Files (x86)\NVIDIA Corporation\PhysX\Common;C:\Users\evand\AppData\Local\Microsoft\WindowsApps;
USERNAME=evand
OS=Windows_NT
PROCESSOR_IDENTIFIER=Intel64 Family 6 Model 61 Stepping 4, GenuineIntel



---------------  S Y S T E M  ---------------

OS: Windows 10.0 , 64 bit Build 16299 (10.0.16299.15)

CPU:total 4 (initial active 4) (2 cores per cpu, 2 threads per core) family 6 model 61 stepping 4, cmov, cx8, fxsr, mmx, sse, sse2, sse3, ssse3, sse4.1, sse4.2, popcnt, avx, avx2, aes, clmul, erms, 3dnowpref, lzcnt, ht, tsc, tscinvbit, bmi1, bmi2, adx

Memory: 4k page, physical 8298376k(1443748k free), swap 8298376k(5264k free)

vm_info: Java HotSpot(TM) 64-Bit Server VM (25.151-b12) for windows-amd64 JRE (1.8.0_151-b12), built on Sep  5 2017 19:33:46 by "java_re" with MS VC++ 10.0 (VS2010)

time: Wed Feb 07 14:12:27 2018
elapsed time: 4 seconds (0d 0h 0m 4s)

