JvmtiExport can_access_local_variables 0
JvmtiExport can_hotswap_or_post_breakpoint 0
JvmtiExport can_post_on_exceptions 0
# 459 ciObject found
ciMethod java/lang/Object <init> ()V 4097 1 646266 0 0
ciMethod java/lang/Object getClass ()Ljava/lang/Class; 2049 1 256 0 -1
ciMethod java/lang/System arraycopy (Ljava/lang/Object;ILjava/lang/Object;II)V 5121 1 640 0 -1
ciMethod java/lang/RuntimeException <init> (Ljava/lang/String;)V 0 0 1 0 -1
ciMethod java/util/Map get (Ljava/lang/Object;)Ljava/lang/Object; 0 0 1 0 -1
ciMethod java/util/Map put (Ljava/lang/Object;Ljava/lang/Object;)Ljava/lang/Object; 0 0 1 0 -1
ciMethod java/lang/StringBuilder <init> ()V 865 1 6659 0 -1
ciMethod java/lang/StringBuilder append (Ljava/lang/String;)Ljava/lang/StringBuilder; 1841 1 16686 0 -1
ciMethod java/lang/StringBuilder toString ()Ljava/lang/String; 953 1 6670 0 -1
ciMethod java/lang/NullPointerException <init> (Ljava/lang/String;)V 0 0 1 0 -1
ciMethod java/util/ArrayList calculateCapacity ([Ljava/lang/Object;I)I 689 1 173144 0 0
ciMethod java/util/ArrayList ensureCapacityInternal (I)V 689 1 173128 0 0
ciMethod java/util/ArrayList ensureExplicitCapacity (I)V 689 1 167864 0 544
ciMethod java/util/ArrayList grow (I)V 97 1 11034 0 544
ciMethod java/util/ArrayList hugeCapacity (I)I 0 0 1 0 -1
ciMethod java/util/ArrayList size ()I 1025 1 128 0 0
ciMethod java/util/ArrayList elementData (I)Ljava/lang/Object; 1985 1 676221 0 0
ciMethod java/util/ArrayList get (I)Ljava/lang/Object; 1985 1 663126 0 128
ciMethod java/util/ArrayList set (ILjava/lang/Object;)Ljava/lang/Object; 4097 1 2323 0 -1
ciMethod java/util/ArrayList add (Ljava/lang/Object;)Z 689 1 170183 0 736
ciMethod java/util/ArrayList remove (I)Ljava/lang/Object; 4097 1 11613 0 -1
ciMethod java/util/ArrayList clear ()V 3489 8193 6586 0 192
ciMethod java/util/ArrayList rangeCheck (I)V 1985 1 677042 0 0
ciMethod java/util/ArrayList iterator ()Ljava/util/Iterator; 4097 1 102682 0 192
ciMethod java/util/ArrayList access$100 (Ljava/util/ArrayList;)I 4073 1 509 0 0
ciMethod java/util/HashMap <init> ()V 145 1 36123 0 -1
ciMethod java/lang/Math max (II)I 281 1 48655 0 -1
ciMethod java/util/Iterator hasNext ()Z 0 0 1 0 -1
ciMethod java/util/Iterator next ()Ljava/lang/Object; 0 0 1 0 -1
ciMethod java/util/Arrays copyOf ([Ljava/lang/Object;I)[Ljava/lang/Object; 4097 1 25073 0 0
ciMethod java/util/Arrays copyOf ([Ljava/lang/Object;ILjava/lang/Class;)[Ljava/lang/Object; 4097 1 16357 0 -1
ciMethodData java/lang/Object <init> ()V 2 646266 orig 264 88 66 67 103 0 0 0 0 128 4 101 22 0 0 0 0 32 1 0 0 0 0 0 0 0 0 0 0 0 0 0 0 0 0 0 0 0 0 0 0 0 0 0 0 0 0 0 0 0 0 0 0 0 0 0 0 0 0 0 0 0 0 0 0 0 0 0 0 0 0 0 0 0 0 0 0 0 0 0 0 77 68 79 32 101 120 116 114 97 32 100 97 116 97 32 108 111 99 107 0 0 0 0 0 0 0 0 0 0 0 0 0 0 0 0 0 0 0 0 0 0 0 0 0 0 0 0 0 0 0 0 0 0 0 0 0 0 0 0 0 0 0 0 0 0 0 0 0 0 0 0 0 0 0 0 0 0 0 0 0 0 0 0 0 0 0 0 0 0 0 0 0 0 0 0 0 0 0 0 0 0 0 0 0 1 0 0 0 0 0 0 0 1 0 0 0 0 0 0 0 1 0 0 0 0 0 0 0 0 0 0 0 0 0 0 0 0 2 0 0 209 211 78 0 1 0 0 0 0 0 0 0 0 0 0 0 2 0 0 0 0 0 3 0 1 0 0 0 0 0 0 0 255 255 255 255 0 0 0 0 0 0 0 0 data 0 oops 0
ciMethodData java/util/ArrayList get (I)Ljava/lang/Object; 2 663126 orig 264 88 66 67 103 0 0 0 0 200 241 113 22 0 0 0 0 144 1 0 0 0 0 0 0 0 0 0 0 0 0 0 0 0 0 0 0 0 0 0 0 0 0 0 0 0 0 0 0 0 0 0 0 0 0 0 0 0 0 0 0 0 0 0 0 0 0 0 0 0 0 0 0 0 0 0 0 0 0 0 0 77 68 79 32 101 120 116 114 97 32 100 97 116 97 32 108 111 99 107 0 0 0 0 0 0 0 0 0 0 0 0 0 0 0 0 0 0 0 0 0 0 0 0 0 0 0 0 0 0 0 0 0 0 0 0 0 0 0 0 0 0 0 0 0 0 0 0 0 0 0 0 0 0 0 0 0 0 0 0 0 0 0 0 0 0 0 0 0 0 0 0 0 0 0 0 0 0 0 0 0 0 0 0 0 0 0 0 0 0 0 0 0 0 0 0 0 0 0 0 0 0 0 0 0 0 0 0 0 0 0 0 0 0 0 0 0 248 0 0 0 241 234 80 0 1 0 0 0 0 0 0 0 0 0 0 0 2 0 0 0 0 0 6 0 2 0 0 0 64 0 0 0 255 255 255 255 2 0 2 0 0 0 0 0 data 8 0x20002 0xa1ddf 0x70005 0x0 0x19fb78f0 0xa1eac 0x0 0x0 oops 1